[2016-12-20 16:43 America/Caracas] Online Hours To Credits: 1 to 10 / Is OK? - Yes
[2016-12-20 16:43 America/Caracas] Online Hours To Credits: 1 to 10 / Is OK? - Yes
[2016-12-20 16:43 America/Caracas] Online Hours To Credits: 255 to 2550 / Is OK? - Yes
[2016-12-20 16:43 America/Caracas] Gold Credits To Credits: 100 to 195 / Is OK? - No
[2016-12-21 06:32 America/Caracas] Online Hours To Credits: 1 to 5 / Is OK? - No
[2016-12-22 08:08 America/Caracas] Credits To Gold Credits: 95 to 23.75 / Is OK? - Yes
[2016-12-22 10:05 America/Caracas] Credits To Zen: 1 to 100000000 / Is OK? - Yes
[2016-12-22 10:05 America/Caracas] Credits To Zen: 4 to 400000000 / Is OK? - Yes
[2016-12-22 11:10 America/Caracas] Credits To wCoins: 1 to 10 / Is OK? - Yes
[2016-12-22 13:48 America/Caracas] Credits To wCoins: 90 to 900 / Is OK? - Yes
[2016-12-22 13:48 America/Caracas] Credits To wCoins: 5 to 50 / Is OK? - Yes
[2016-12-22 13:48 America/Caracas] Credits To wCoins: 5 to 50 / Is OK? - No
[2016-12-23 08:08 America/Caracas] Credits To Gold Credits: 100 to 25 / Is OK? - Yes
[2016-12-23 08:55 America/Caracas] Credits To wCoins: 500 to 5000 / Is OK? - No
[2016-12-23 08:55 America/Caracas] Credits To wCoins: 60 to 600 / Is OK? - Yes
[2016-12-23 18:18 America/Caracas] Credits To Zen: 20 to 2000000000 / Is OK? - Yes
[2016-12-23 18:18 America/Caracas] Credits To Zen: 10 to 1000000000 / Is OK? - Yes
[2016-12-23 18:26 America/Caracas] Credits To Zen: 5 to 500000000 / Is OK? - Yes
[2016-12-23 18:45 America/Caracas] Online Hours To Credits: 1 to 5 / Is OK? - Yes
[2016-12-23 18:46 America/Caracas] Credits To Zen: 1 to 1000 / Is OK? - Yes
[2016-12-23 21:34 America/Caracas] Credits To wCoins: 1 to 10 / Is OK? - Yes
[2016-12-24 00:17 America/Caracas] Credits To wCoins: 95 to 950 / Is OK? - Yes
[2016-12-24 01:09 America/Caracas] Online Hours To Credits: 3 to 15 / Is OK? - Yes
[2016-12-24 01:09 America/Caracas] Online Hours To Credits: 3 to 15 / Is OK? - No
[2016-12-24 01:09 America/Caracas] Credits To wCoins: 110 to 1100 / Is OK? - Yes
[2016-12-24 01:09 America/Caracas] Credits To wCoins: 110 to 1100 / Is OK? - No
[2016-12-24 02:42 America/Caracas] Credits To Gold Credits: 7 to 1.75 / Is OK? - Yes
[2016-12-24 06:44 America/Caracas] Online Hours To Credits: 3 to 15 / Is OK? - Yes
[2016-12-24 06:46 America/Caracas] Online Hours To Credits: 3 to 15 / Is OK? - Yes
[2016-12-24 07:54 America/Caracas] Online Hours To Credits: 4 to 20 / Is OK? - Yes
[2016-12-24 08:03 America/Caracas] Online Hours To Credits: 4 to 20 / Is OK? - Yes
[2016-12-24 10:38 America/Caracas] Online Hours To Credits: 1000000000 to 5000000000 / Is OK? - No
[2016-12-24 10:39 America/Caracas] Online Hours To Credits: 435 to 2175 / Is OK? - No
[2016-12-24 10:39 America/Caracas] Online Hours To Credits: 345ttttttt to 1725 / Is OK? - No
[2016-12-24 12:22 America/Caracas] Online Hours To Credits: 9 to 45 / Is OK? - Yes
[2016-12-24 12:23 America/Caracas] Online Hours To Credits: 9 to 45 / Is OK? - No
[2016-12-24 12:23 America/Caracas] Credits To wCoins: 45 to 450 / Is OK? - Yes
[2016-12-24 12:23 America/Caracas] Credits To wCoins: 45 to 450 / Is OK? - No
[2016-12-24 13:39 America/Caracas] Gold Credits To Credits: 415 to 622.5 / Is OK? - No
[2016-12-24 13:40 America/Caracas] Credits To Gold Credits: 165 to 41.25 / Is OK? - Yes
[2016-12-24 13:40 America/Caracas] Online Hours To Credits: 1 to 5 / Is OK? - No
[2016-12-24 19:59 America/Caracas] Online Hours To Credits: 285 to 1425 / Is OK? - No
[2016-12-24 19:59 America/Caracas] Credits To wCoins: 285 to 2850 / Is OK? - Yes
[2016-12-25 06:17 America/Caracas] Credits To wCoins: 500 to 5000 / Is OK? - Yes
[2016-12-25 06:17 America/Caracas] Credits To wCoins: 500 to 5000 / Is OK? - Yes
[2016-12-25 06:26 America/Caracas] Online Hours To Credits: 1 to 5 / Is OK? - Yes
[2016-12-25 06:26 America/Caracas] Online Hours To Credits: 848 to 4240 / Is OK? - No
[2016-12-25 06:26 America/Caracas] Online Hours To Credits: 16 to 80 / Is OK? - Yes
[2016-12-25 06:26 America/Caracas] Online Hours To Credits: 16 to 80 / Is OK? - No
[2016-12-25 09:04 America/Caracas] Online Hours To Credits: 28 to 140 / Is OK? - Yes
[2016-12-25 10:20 America/Caracas] Online Hours To Credits: 26 to 130 / Is OK? - Yes
[2016-12-25 11:20 America/Caracas] Online Hours To Credits: 32 to 160 / Is OK? - Yes
[2016-12-25 14:12 America/Caracas] Online Hours To Credits: 11 to 55 / Is OK? - Yes
[2016-12-25 15:56 America/Caracas] Online Hours To Credits: 21 to 105 / Is OK? - No
[2016-12-25 16:43 America/Caracas] Online Hours To Credits: 23 to 115 / Is OK? - Yes
[2016-12-25 17:02 America/Caracas] Credits To Gold Credits: 361 to 90.25 / Is OK? - Yes
[2016-12-25 17:20 America/Caracas] Online Hours To Credits: 5 to 25 / Is OK? - Yes
[2016-12-25 17:43 America/Caracas] Online Hours To Credits: 23 to 115 / Is OK? - Yes
[2016-12-25 17:44 America/Caracas] Online Hours To Credits: 23 to 115 / Is OK? - Yes
[2016-12-25 18:06 America/Caracas] Online Hours To Credits: 21 to 105 / Is OK? - Yes
[2016-12-25 18:23 America/Caracas] Online Hours To Credits: 17 to 85 / Is OK? - Yes
[2016-12-25 19:18 America/Caracas] Credits To wCoins: 665 to 6650 / Is OK? - Yes
[2016-12-25 19:18 America/Caracas] Credits To wCoins: 664 to 6640 / Is OK? - No
[2016-12-25 22:13 America/Caracas] Online Hours To Credits: 8 to 160 / Is OK? - Yes
[2016-12-25 22:52 America/Caracas] Online Hours To Credits: 8 to 160 / Is OK? - Yes
[2016-12-25 23:32 America/Caracas] Credits To Gold Credits: 100 to 25 / Is OK? - Yes
[2016-12-25 23:32 America/Caracas] Online Hours To Credits: 10 to 200 / Is OK? - Yes
[2016-12-25 23:32 America/Caracas] Online Hours To Credits: 2 to 40 / Is OK? - Yes
[2016-12-26 04:47 America/Caracas] Online Hours To Credits: 15 to 300 / Is OK? - Yes
[2016-12-26 08:01 America/Caracas] Online Hours To Credits: 4 to 80 / Is OK? - Yes
[2016-12-26 08:51 America/Caracas] Online Hours To Credits: 42 to 840 / Is OK? - Yes
[2016-12-26 09:12 America/Caracas] Online Hours To Credits: 41 to 820 / Is OK? - Yes
[2016-12-26 09:13 America/Caracas] Online Hours To Credits: 41 to 820 / Is OK? - Yes
[2016-12-26 09:13 America/Caracas] Online Hours To Credits: 14 to 280 / Is OK? - Yes
[2016-12-26 10:00 America/Caracas] Online Hours To Credits: 1 to 20 / Is OK? - Yes
[2016-12-26 10:00 America/Caracas] Online Hours To Credits: 1 to 20 / Is OK? - No
[2016-12-26 10:01 America/Caracas] Online Hours To Credits: 8 to 160 / Is OK? - Yes
[2016-12-26 12:43 America/Caracas] Online Hours To Credits: 50 to 1000 / Is OK? - Yes
[2016-12-26 12:43 America/Caracas] Online Hours To Credits: 50 to 1000 / Is OK? - No
[2016-12-26 12:43 America/Caracas] Credits To Gold Credits: 2000 to 500 / Is OK? - Yes
[2016-12-26 12:43 America/Caracas] Credits To Gold Credits: 2000 to 500 / Is OK? - No
[2016-12-26 13:16 America/Caracas] Online Hours To Credits: 4 to 80 / Is OK? - Yes
[2016-12-26 13:19 America/Caracas] Zen To Credits: 90000 to 90 / Is OK? - Yes
[2016-12-26 13:20 America/Caracas] Zen To Credits: 90000 to 90 / Is OK? - Yes
[2016-12-26 13:22 America/Caracas] Gold Credits To Credits: 25 to 37.5 / Is OK? - Yes
[2016-12-26 13:23 America/Caracas] Gold Credits To Credits: 25 to 37.5 / Is OK? - No
[2016-12-26 16:43 America/Caracas] Online Hours To Credits: 1 to 20 / Is OK? - Yes
[2016-12-26 16:54 America/Caracas] Online Hours To Credits: 18 to 360 / Is OK? - Yes
[2016-12-26 16:56 America/Caracas] Credits To Gold Credits: 1200 to 300 / Is OK? - No
[2016-12-26 17:35 America/Caracas] Online Hours To Credits: 6 to 120 / Is OK? - Yes
[2016-12-26 17:36 America/Caracas] Online Hours To Credits: 6 to 120 / Is OK? - No
[2016-12-26 17:38 America/Caracas] Online Hours To Credits: 7 to 140 / Is OK? - Yes
[2016-12-29 07:03 America/Caracas] Online Hours To Credits: 12 to 240 / Is OK? - Yes
[2016-12-29 14:40 America/Caracas] Online Hours To Credits: 5 to 100 / Is OK? - Yes
[2016-12-29 15:15 America/Caracas] Online Hours To Credits: 23 to 460 / Is OK? - Yes
[2016-12-29 16:57 America/Caracas] Online Hours To Credits: 5 to 100 / Is OK? - Yes
[2016-12-29 19:22 America/Caracas] Online Hours To Credits: 6 to 120 / Is OK? - Yes
[2016-12-29 19:22 America/Caracas] Online Hours To Credits: 6 to 120 / Is OK? - No
[2016-12-29 20:45 America/Caracas] Online Hours To Credits: 15 to 300 / Is OK? - Yes
[2016-12-29 20:51 America/Caracas] Online Hours To Credits: 15 to 300 / Is OK? - Yes
[2016-12-29 20:51 America/Caracas] Online Hours To Credits: 15 to 300 / Is OK? - No
[2016-12-29 20:51 America/Caracas] Credits To Gold Credits: 713 to 178.25 / Is OK? - Yes
[2016-12-29 21:14 America/Caracas] Online Hours To Credits: 29 to 580 / Is OK? - Yes
[2016-12-29 21:14 America/Caracas] Online Hours To Credits: 29 to 580 / Is OK? - No
[2016-12-29 21:39 America/Caracas] Online Hours To Credits: 5 to 100 / Is OK? - Yes
[2016-12-29 21:44 America/Caracas] Online Hours To Credits: 1 to 20 / Is OK? - Yes
[2016-12-29 21:45 America/Caracas] Online Hours To Credits: 5 to 100 / Is OK? - Yes
[2016-12-29 21:45 America/Caracas] Online Hours To Credits: 3 to 60 / Is OK? - Yes
[2016-12-29 22:07 America/Caracas] Online Hours To Credits: 1 to 20 / Is OK? - No
[2016-12-29 22:33 America/Caracas] Online Hours To Credits: 25 to 500 / Is OK? - Yes
[2016-12-29 22:34 America/Caracas] Online Hours To Credits: 25 to 500 / Is OK? - No
[2016-12-30 05:20 America/Caracas] Online Hours To Credits: 8 to 160 / Is OK? - Yes
[2016-12-30 06:48 America/Caracas] Online Hours To Credits: 2 to 40 / Is OK? - Yes
[2016-12-30 11:22 America/Caracas] Online Hours To Credits: 38 to 760 / Is OK? - Yes
[2016-12-30 11:23 America/Caracas] Gold Credits To Credits: 2000 to 3000 / Is OK? - Yes
[2016-12-30 12:35 America/Caracas] Online Hours To Credits: 1 to 20 / Is OK? - Yes
[2016-12-30 15:25 America/Caracas] Online Hours To Credits: 7 to 140 / Is OK? - Yes
[2016-12-30 15:25 America/Caracas] Credits To wCoins: 24 to 240 / Is OK? - Yes
[2016-12-30 15:55 America/Caracas] Online Hours To Credits: 6 to 120 / Is OK? - Yes
[2016-12-30 19:38 America/Caracas] Online Hours To Credits: 15 to 300 / Is OK? - Yes
[2016-12-30 22:40 America/Caracas] Online Hours To Credits: 2 to 40 / Is OK? - Yes
[2016-12-30 22:40 America/Caracas] Online Hours To Credits: 2 to 40 / Is OK? - Yes
[2016-12-30 22:41 America/Caracas] Online Hours To Credits: 3 to 60 / Is OK? - Yes
[2016-12-31 01:02 America/Caracas] Credits To wCoins: 2000 to 20000 / Is OK? - Yes
[2016-12-31 01:02 America/Caracas] Credits To wCoins: 20000 to 200000 / Is OK? - Yes
[2016-12-31 01:03 America/Caracas] Credits To wCoins: 58757857 to 587578570 / Is OK? - No
[2016-12-31 01:03 America/Caracas] Credits To wCoins: 434 to 4340 / Is OK? - Yes
[2016-12-31 01:32 America/Caracas] Online Hours To Credits: 21 to 420 / Is OK? - Yes
[2016-12-31 01:33 America/Caracas] Credits To Gold Credits: 2700 to 1350 / Is OK? - Yes
[2016-12-31 01:48 America/Caracas] Online Hours To Credits: 21 to 420 / Is OK? - Yes
[2016-12-31 01:48 America/Caracas] Credits To Gold Credits: 2684 to 671 / Is OK? - Yes
[2016-12-31 01:48 America/Caracas] Credits To Gold Credits: 400 to 100 / Is OK? - Yes
[2016-12-31 02:17 America/Caracas] Credits To Gold Credits: 2986 to 746.5 / Is OK? - Yes
[2016-12-31 02:17 America/Caracas] Online Hours To Credits: 6 to 120 / Is OK? - Yes
[2016-12-31 02:17 America/Caracas] Online Hours To Credits: 3 to 60 / Is OK? - Yes
[2016-12-31 02:17 America/Caracas] Online Hours To Credits: 3 to 60 / Is OK? - No
[2016-12-31 02:17 America/Caracas] Credits To Gold Credits: 180 to 45 / Is OK? - Yes
[2016-12-31 02:59 America/Caracas] Online Hours To Credits: 42 to 840 / Is OK? - Yes
[2016-12-31 04:21 America/Caracas] Gold Credits To Credits: 1 to 1.5 / Is OK? - Yes
[2016-12-31 04:21 America/Caracas] Online Hours To Credits: 17 to 340 / Is OK? - Yes
[2016-12-31 05:33 America/Caracas] Online Hours To Credits: 46 to 920 / Is OK? - Yes
[2016-12-31 05:34 America/Caracas] Online Hours To Credits: 46 to 920 / Is OK? - Yes
[2016-12-31 06:26 America/Caracas] Online Hours To Credits: 5 to 100 / Is OK? - Yes
[2016-12-31 06:36 America/Caracas] Online Hours To Credits: 8 to 160 / Is OK? - Yes
[2016-12-31 06:38 America/Caracas] Credits To Gold Credits: 4250 to 1062.5 / Is OK? - Yes
[2016-12-31 06:48 America/Caracas] Online Hours To Credits: 24 to 480 / Is OK? - Yes
[2016-12-31 07:09 America/Caracas] Online Hours To Credits: 4 to 80 / Is OK? - Yes
[2016-12-31 07:09 America/Caracas] Credits To Gold Credits: 2592 to 648 / Is OK? - Yes
[2016-12-31 07:17 America/Caracas] Online Hours To Credits: 5 to 100 / Is OK? - Yes
[2016-12-31 07:19 America/Caracas] Online Hours To Credits: 2 to 40 / Is OK? - Yes
[2016-12-31 07:19 America/Caracas] Credits To Gold Credits: 2500 to 625 / Is OK? - Yes
[2016-12-31 07:28 America/Caracas] Credits To Gold Credits: 2512 to 628 / Is OK? - Yes
[2016-12-31 07:42 America/Caracas] Credits To Gold Credits: 2500 to 625 / Is OK? - Yes
[2016-12-31 07:44 America/Caracas] Credits To Gold Credits: 97 to 24.25 / Is OK? - Yes
[2016-12-31 07:53 America/Caracas] Credits To Gold Credits: 12 to 3 / Is OK? - Yes
[2016-12-31 09:16 America/Caracas] Credits To Gold Credits: 2000 to 500 / Is OK? - Yes
[2016-12-31 09:25 America/Caracas] Online Hours To Credits: 12 to 240 / Is OK? - Yes
[2016-12-31 09:26 America/Caracas] Credits To Gold Credits: 3572 to 893 / Is OK? - Yes
[2016-12-31 09:26 America/Caracas] Credits To Gold Credits: 240 to 60 / Is OK? - Yes
[2016-12-31 09:53 America/Caracas] Credits To Gold Credits: 2719 to 679.75 / Is OK? - Yes
[2016-12-31 10:10 America/Caracas] Credits To Gold Credits: 2800 to 700 / Is OK? - Yes
[2016-12-31 10:26 America/Caracas] Credits To Gold Credits: 2090 to 522.5 / Is OK? - Yes
[2016-12-31 10:28 America/Caracas] Online Hours To Credits: 34 to 680 / Is OK? - Yes
[2016-12-31 10:35 America/Caracas] Credits To Gold Credits: 3500 to 875 / Is OK? - Yes
[2016-12-31 10:36 America/Caracas] Credits To Gold Credits: 3500 to 875 / Is OK? - Yes
[2016-12-31 10:37 America/Caracas] Credits To Gold Credits: 3500 to 875 / Is OK? - No
[2016-12-31 10:39 America/Caracas] Online Hours To Credits: 8 to 160 / Is OK? - Yes
[2016-12-31 10:45 America/Caracas] Credits To Gold Credits: 2892 to 723 / Is OK? - Yes
[2016-12-31 10:45 America/Caracas] Credits To Gold Credits: 2892 to 723 / Is OK? - No
[2016-12-31 11:00 America/Caracas] Credits To Gold Credits: 2090 to 522.5 / Is OK? - Yes
[2016-12-31 11:00 America/Caracas] Credits To Gold Credits: 2512 to 628 / Is OK? - Yes
[2016-12-31 11:05 America/Caracas] Credits To Gold Credits: 2512 to 628 / Is OK? - Yes
[2016-12-31 11:25 America/Caracas] Online Hours To Credits: 13 to 260 / Is OK? - Yes
[2016-12-31 11:25 America/Caracas] Credits To Gold Credits: 2366 to 591.5 / Is OK? - Yes
[2016-12-31 11:28 America/Caracas] Credits To Gold Credits: 2290 to 572.5 / Is OK? - Yes
[2016-12-31 11:29 America/Caracas] Credits To Gold Credits: 209 to 52.25 / Is OK? - Yes
[2016-12-31 11:46 America/Caracas] Credits To Gold Credits: 2358 to 589.5 / Is OK? - Yes
[2016-12-31 11:49 America/Caracas] Online Hours To Credits: 8 to 160 / Is OK? - Yes
[2016-12-31 11:49 America/Caracas] Credits To Gold Credits: 2682 to 670.5 / Is OK? - Yes
[2016-12-31 11:50 America/Caracas] Credits To Gold Credits: 160 to 40 / Is OK? - Yes
[2016-12-31 11:56 America/Caracas] Credits To Gold Credits: 2000 to 500 / Is OK? - Yes
[2016-12-31 12:00 America/Caracas] Online Hours To Credits: 1 to 20 / Is OK? - Yes
[2016-12-31 12:00 America/Caracas] Credits To Gold Credits: 2037 to 509.25 / Is OK? - Yes
[2016-12-31 12:01 America/Caracas] Credits To Gold Credits: 2037 to 509.25 / Is OK? - Yes
[2016-12-31 12:01 America/Caracas] Online Hours To Credits: 5 to 100 / Is OK? - Yes
[2016-12-31 12:02 America/Caracas] Credits To Gold Credits: 100 to 25 / Is OK? - Yes
[2016-12-31 12:02 America/Caracas] Credits To Gold Credits: 6000 to 1500 / Is OK? - Yes
[2016-12-31 12:02 America/Caracas] Credits To Gold Credits: 6000 to 1500 / Is OK? - No
[2016-12-31 12:14 America/Caracas] Online Hours To Credits: 50 to 1000 / Is OK? - No
[2016-12-31 12:17 America/Caracas] Online Hours To Credits: 1 to 20 / Is OK? - Yes
[2016-12-31 12:17 America/Caracas] Online Hours To Credits: 1 to 20 / Is OK? - No
[2016-12-31 12:17 America/Caracas] Credits To Gold Credits: 142 to 35.5 / Is OK? - Yes
[2016-12-31 12:22 America/Caracas] Credits To Gold Credits: 2000 to 500 / Is OK? - Yes
[2016-12-31 12:26 America/Caracas] Online Hours To Credits: 4 to 80 / Is OK? - Yes
[2016-12-31 12:35 America/Caracas] Online Hours To Credits: 5 to 100 / Is OK? - Yes
[2016-12-31 12:37 America/Caracas] Credits To Gold Credits: 2300 to 575 / Is OK? - Yes
[2016-12-31 15:39 America/Caracas] Credits To Gold Credits: 2000 to 500 / Is OK? - Yes
[2016-12-31 15:43 America/Caracas] Credits To Gold Credits: 54 to 13.5 / Is OK? - Yes
[2016-12-31 15:45 America/Caracas] Online Hours To Credits: 41 to 820 / Is OK? - Yes
[2016-12-31 15:45 America/Caracas] Credits To Gold Credits: 2042 to 510.5 / Is OK? - Yes
[2016-12-31 15:46 America/Caracas] Online Hours To Credits: 41 to 820 / Is OK? - Yes
[2016-12-31 15:46 America/Caracas] Online Hours To Credits: 41 to 820 / Is OK? - No
[2016-12-31 15:48 America/Caracas] Credits To Gold Credits: 2010 to 502.5 / Is OK? - Yes
[2016-12-31 15:48 America/Caracas] Online Hours To Credits: 60 to 1200 / Is OK? - Yes
[2016-12-31 15:49 America/Caracas] Credits To Gold Credits: 2027 to 506.75 / Is OK? - Yes
[2016-12-31 15:49 America/Caracas] Online Hours To Credits: 1 to 20 / Is OK? - Yes
[2016-12-31 15:49 America/Caracas] Credits To Gold Credits: 20 to 5 / Is OK? - Yes
[2016-12-31 15:50 America/Caracas] Credits To Gold Credits: 13 to 3.25 / Is OK? - Yes
[2016-12-31 15:52 America/Caracas] Credits To Gold Credits: 2089 to 522.25 / Is OK? - Yes
[2016-12-31 15:52 America/Caracas] Online Hours To Credits: 62 to 1240 / Is OK? - Yes
[2016-12-31 15:57 America/Caracas] Credits To Gold Credits: 2400 to 600 / Is OK? - Yes
[2016-12-31 16:01 America/Caracas] Credits To Gold Credits: 52 to 13 / Is OK? - Yes
[2016-12-31 16:18 America/Caracas] Credits To Gold Credits: 2000 to 500 / Is OK? - Yes
[2016-12-31 16:26 America/Caracas] Credits To Gold Credits: 2512 to 628 / Is OK? - Yes
[2016-12-31 16:27 America/Caracas] Online Hours To Credits: 28 to 560 / Is OK? - Yes
[2016-12-31 16:27 America/Caracas] Credits To Gold Credits: 5154 to 1288.5 / Is OK? - Yes
[2016-12-31 16:27 America/Caracas] Credits To Gold Credits: 202 to 50.5 / Is OK? - Yes
[2016-12-31 16:33 America/Caracas] Online Hours To Credits: 10 to 200 / Is OK? - Yes
[2016-12-31 16:33 America/Caracas] Credits To Gold Credits: 2320 to 580 / Is OK? - Yes
[2016-12-31 16:35 America/Caracas] Online Hours To Credits: 6 to 120 / Is OK? - Yes
[2016-12-31 16:35 America/Caracas] Online Hours To Credits: 6 to 120 / Is OK? - Yes
[2016-12-31 16:35 America/Caracas] Online Hours To Credits: 6 to 120 / Is OK? - Yes
[2016-12-31 16:35 America/Caracas] Credits To Gold Credits: 2202 to 550.5 / Is OK? - Yes
[2016-12-31 16:40 America/Caracas] Credits To Gold Credits: 2000 to 500 / Is OK? - Yes
[2016-12-31 17:09 America/Caracas] Credits To Gold Credits: 2512 to 628 / Is OK? - Yes
[2016-12-31 17:11 America/Caracas] Online Hours To Credits: 19 to 380 / Is OK? - Yes
[2016-12-31 17:12 America/Caracas] Credits To Gold Credits: 2460 to 615 / Is OK? - Yes
[2016-12-31 17:16 America/Caracas] Credits To Gold Credits: 519 to 129.75 / Is OK? - No
[2016-12-31 17:16 America/Caracas] Credits To Gold Credits: 512 to 128 / Is OK? - Yes
[2016-12-31 17:23 America/Caracas] Credits To Gold Credits: 2000 to 500 / Is OK? - Yes
[2016-12-31 17:24 America/Caracas] Credits To Gold Credits: 2000 to 500 / Is OK? - Yes
[2016-12-31 17:43 America/Caracas] Credits To Gold Credits: 2000 to 500 / Is OK? - Yes
[2016-12-31 17:43 America/Caracas] Credits To Gold Credits: 2000 to 500 / Is OK? - Yes
[2016-12-31 17:45 America/Caracas] Credits To Gold Credits: 2000 to 500 / Is OK? - Yes
[2016-12-31 17:46 America/Caracas] Credits To Gold Credits: 2000 to 500 / Is OK? - Yes
[2016-12-31 17:46 America/Caracas] Credits To Gold Credits: 2000 to 500 / Is OK? - Yes
[2016-12-31 17:47 America/Caracas] Credits To Gold Credits: 2000 to 500 / Is OK? - Yes
[2016-12-31 17:47 America/Caracas] Online Hours To Credits: 49 to 980 / Is OK? - Yes
[2016-12-31 17:48 America/Caracas] Credits To Gold Credits: 2000 to 500 / Is OK? - Yes
[2016-12-31 17:48 America/Caracas] Credits To Gold Credits: 4024 to 1006 / Is OK? - Yes
[2016-12-31 17:48 America/Caracas] Credits To Gold Credits: 2000 to 500 / Is OK? - Yes
[2016-12-31 17:48 America/Caracas] Credits To Gold Credits: 2000 to 500 / Is OK? - Yes
[2016-12-31 17:49 America/Caracas] Credits To Gold Credits: 2000 to 500 / Is OK? - Yes
[2016-12-31 17:49 America/Caracas] Credits To Gold Credits: 2000 to 500 / Is OK? - Yes
[2016-12-31 17:50 America/Caracas] Online Hours To Credits: 90 to 1800 / Is OK? - Yes
[2016-12-31 17:51 America/Caracas] Credits To Zen: 20 to 20000 / Is OK? - Yes
[2016-12-31 17:52 America/Caracas] Credits To Gold Credits: 2000 to 500 / Is OK? - Yes
[2016-12-31 17:53 America/Caracas] Credits To Gold Credits: 2000 to 500 / Is OK? - Yes
[2016-12-31 17:53 America/Caracas] Online Hours To Credits: 7 to 140 / Is OK? - Yes
[2016-12-31 17:53 America/Caracas] Credits To Gold Credits: 140 to 35 / Is OK? - Yes
[2016-12-31 17:54 America/Caracas] Online Hours To Credits: 51 to 1020 / Is OK? - Yes
[2016-12-31 17:54 America/Caracas] Online Hours To Credits: 51 to 1020 / Is OK? - Yes
[2016-12-31 17:54 America/Caracas] Online Hours To Credits: 51 to 1020 / Is OK? - No
[2016-12-31 17:54 America/Caracas] Credits To Gold Credits: 2000 to 500 / Is OK? - No
[2016-12-31 17:54 America/Caracas] Credits To Gold Credits: 6429 to 1607.25 / Is OK? - Yes
[2016-12-31 17:55 America/Caracas] Credits To Gold Credits: 6429 to 1607.25 / Is OK? - No
[2016-12-31 18:06 America/Caracas] Credits To Gold Credits: 380 to 95 / Is OK? - Yes
[2016-12-31 18:07 America/Caracas] Online Hours To Credits: 2 to 40 / Is OK? - Yes
[2016-12-31 18:07 America/Caracas] Credits To Gold Credits: 2040 to 510 / Is OK? - No
[2016-12-31 18:07 America/Caracas] Credits To Gold Credits: 380 to 95 / Is OK? - Yes
[2016-12-31 18:08 America/Caracas] Online Hours To Credits: 2 to 40 / Is OK? - Yes
[2016-12-31 18:08 America/Caracas] Credits To Gold Credits: 2040 to 510 / Is OK? - Yes
[2016-12-31 18:08 America/Caracas] Credits To Gold Credits: 2040 to 510 / Is OK? - No
[2016-12-31 18:10 America/Caracas] Credits To Gold Credits: 2000 to 500 / Is OK? - Yes
[2016-12-31 18:22 America/Caracas] Credits To Gold Credits: 1500 to 375 / Is OK? - Yes
[2016-12-31 18:22 America/Caracas] Online Hours To Credits: 3 to 60 / Is OK? - Yes
[2016-12-31 18:23 America/Caracas] Credits To Gold Credits: 1847 to 461.75 / Is OK? - Yes
[2016-12-31 18:26 America/Caracas] Online Hours To Credits: 19 to 380 / Is OK? - Yes
[2016-12-31 18:28 America/Caracas] Credits To Gold Credits: 475 to 118.75 / Is OK? - Yes
[2016-12-31 18:30 America/Caracas] Credits To Gold Credits: 5045 to 1261.25 / Is OK? - Yes
[2016-12-31 18:31 America/Caracas] Credits To Gold Credits: 5045 to 1261.25 / Is OK? - Yes
[2016-12-31 18:38 America/Caracas] Online Hours To Credits: 5 to 100 / Is OK? - Yes
[2016-12-31 18:38 America/Caracas] Credits To Gold Credits: 2100 to 525 / Is OK? - Yes
[2016-12-31 18:47 America/Caracas] Online Hours To Credits: 18 to 360 / Is OK? - Yes
[2016-12-31 18:56 America/Caracas] Online Hours To Credits: 7 to 140 / Is OK? - Yes
[2016-12-31 18:57 America/Caracas] Credits To Gold Credits: 478 to 119.5 / Is OK? - Yes
[2016-12-31 18:57 America/Caracas] Credits To Gold Credits: 478 to 119.5 / Is OK? - No
[2016-12-31 18:57 America/Caracas] Credits To Gold Credits: 140 to 35 / Is OK? - Yes
[2016-12-31 18:57 America/Caracas] Credits To Gold Credits: 2392 to 598 / Is OK? - Yes
[2016-12-31 19:32 America/Caracas] Online Hours To Credits: 4 to 80 / Is OK? - Yes
[2016-12-31 19:32 America/Caracas] Credits To Gold Credits: 2472 to 618 / Is OK? - Yes
[2016-12-31 19:41 America/Caracas] Credits To Gold Credits: 430 to 107.5 / Is OK? - Yes
[2016-12-31 19:41 America/Caracas] Online Hours To Credits: 5 to 100 / Is OK? - Yes
[2016-12-31 19:41 America/Caracas] Credits To Gold Credits: 530 to 132.5 / Is OK? - No
[2016-12-31 19:41 America/Caracas] Credits To Gold Credits: 100 to 25 / Is OK? - Yes
[2016-12-31 19:44 America/Caracas] Credits To Gold Credits: 430 to 107.5 / Is OK? - Yes
[2016-12-31 19:51 America/Caracas] Credits To Gold Credits: 2082 to 520.5 / Is OK? - Yes
[2016-12-31 20:08 America/Caracas] Credits To Gold Credits: 2112 to 528 / Is OK? - Yes
[2016-12-31 20:08 America/Caracas] Credits To Gold Credits: 2112 to 528 / Is OK? - No
[2016-12-31 20:09 America/Caracas] Credits To Gold Credits: 2000 to 500 / Is OK? - Yes
[2016-12-31 20:09 America/Caracas] Credits To Gold Credits: 2000 to 500 / Is OK? - No
[2016-12-31 20:49 America/Caracas] Credits To Gold Credits: 6348 to 1587 / Is OK? - Yes
[2016-12-31 21:11 America/Caracas] Online Hours To Credits: 22 to 440 / Is OK? - Yes
[2016-12-31 21:11 America/Caracas] Credits To Gold Credits: 2698 to 674.5 / Is OK? - Yes
[2016-12-31 21:28 America/Caracas] Credits To Gold Credits: 2000 to 500 / Is OK? - Yes
[2016-12-31 21:29 America/Caracas] Credits To Gold Credits: 2000 to 500 / Is OK? - No
[2016-12-31 21:49 America/Caracas] Online Hours To Credits: 6 to 120 / Is OK? - Yes
[2016-12-31 21:49 America/Caracas] Online Hours To Credits: 6 to 120 / Is OK? - No
[2016-12-31 21:49 America/Caracas] Credits To Gold Credits: 120 to 30 / Is OK? - Yes
[2016-12-31 21:49 America/Caracas] Credits To Gold Credits: 120 to 30 / Is OK? - No
[2016-12-31 22:21 America/Caracas] Online Hours To Credits: 2 to 40 / Is OK? - Yes
[2016-12-31 23:20 America/Caracas] Credits To Gold Credits: 2000 to 500 / Is OK? - Yes
[2016-12-31 23:20 America/Caracas] Credits To Gold Credits: 2000 to 500 / Is OK? - No
[2016-12-31 23:23 America/Caracas] Credits To Gold Credits: 2000 to 500 / Is OK? - Yes
[2017-01-01 00:04 America/Caracas] Credits To Gold Credits: 2000 to 500 / Is OK? - Yes
[2017-01-01 01:24 America/Caracas] Online Hours To Credits: 4 to 80 / Is OK? - Yes
[2017-01-01 01:31 America/Caracas] Gold Credits To Credits: 2000 to 3000 / Is OK? - No
[2017-01-01 01:31 America/Caracas] Gold Credits To Credits: 2000 to 3000 / Is OK? - No
[2017-01-01 01:31 America/Caracas] Gold Credits To Credits: 2000 to 3000 / Is OK? - No
[2017-01-01 02:52 America/Caracas] Online Hours To Credits: 3 to 60 / Is OK? - Yes
[2017-01-01 04:33 America/Caracas] Online Hours To Credits: 3 to 60 / Is OK? - Yes
[2017-01-01 04:53 America/Caracas] Online Hours To Credits: 8 to 160 / Is OK? - Yes
[2017-01-01 05:35 America/Caracas] Online Hours To Credits: 19 to 380 / Is OK? - Yes
[2017-01-01 07:16 America/Caracas] Online Hours To Credits: 1 to 20 / Is OK? - No
[2017-01-01 09:19 America/Caracas] Online Hours To Credits: 1 to 20 / Is OK? - Yes
[2017-01-01 09:35 America/Caracas] Online Hours To Credits: 62 to 1240 / Is OK? - Yes
[2017-01-01 09:35 America/Caracas] Online Hours To Credits: 62 to 1240 / Is OK? - No
[2017-01-01 09:36 America/Caracas] Online Hours To Credits: 37 to 740 / Is OK? - Yes
[2017-01-01 13:59 America/Caracas] Online Hours To Credits: 7 to 140 / Is OK? - Yes
[2017-01-01 14:00 America/Caracas] Online Hours To Credits: 7 to 140 / Is OK? - No
[2017-01-01 14:00 America/Caracas] Online Hours To Credits: 7 to 140 / Is OK? - No
[2017-01-01 15:06 America/Caracas] Gold Credits To Credits: 582 to 873 / Is OK? - Yes
[2017-01-01 15:06 America/Caracas] Online Hours To Credits: 10 to 200 / Is OK? - Yes
[2017-01-01 15:15 America/Caracas] Online Hours To Credits: 9 to 180 / Is OK? - Yes
[2017-01-01 16:25 America/Caracas] Gold Credits To Credits: 361 to 541.5 / Is OK? - Yes
[2017-01-01 16:25 America/Caracas] Online Hours To Credits: 1 to 20 / Is OK? - Yes
[2017-01-01 16:25 America/Caracas] Online Hours To Credits: 1 to 20 / Is OK? - Yes
[2017-01-01 16:25 America/Caracas] Online Hours To Credits: 1 to 20 / Is OK? - Yes
[2017-01-01 16:25 America/Caracas] Online Hours To Credits: 1 to 20 / Is OK? - Yes
[2017-01-01 16:25 America/Caracas] Online Hours To Credits: 1 to 20 / Is OK? - Yes
[2017-01-01 16:25 America/Caracas] Online Hours To Credits: 1 to 20 / Is OK? - Yes
[2017-01-01 16:29 America/Caracas] Gold Credits To Credits: 76 to 114 / Is OK? - Yes
[2017-01-01 16:29 America/Caracas] Online Hours To Credits: 50 to 1000 / Is OK? - Yes
[2017-01-01 18:21 America/Caracas] Online Hours To Credits: 19 to 380 / Is OK? - Yes
[2017-01-01 18:21 America/Caracas] Online Hours To Credits: 19 to 380 / Is OK? - No
[2017-01-01 18:34 America/Caracas] Online Hours To Credits: 9 to 180 / Is OK? - Yes
[2017-01-01 19:13 America/Caracas] Online Hours To Credits: 24 to 480 / Is OK? - Yes
[2017-01-01 20:00 America/Caracas] Online Hours To Credits: 12 to 240 / Is OK? - Yes
[2017-01-01 20:04 America/Caracas] Gold Credits To Credits: 1507 to 2260.5 / Is OK? - No
[2017-01-01 20:38 America/Caracas] Online Hours To Credits: 2 to 40 / Is OK? - Yes
[2017-01-01 23:16 America/Caracas] Gold Credits To Credits: 1507 to 2260.5 / Is OK? - No
[2017-01-01 23:17 America/Caracas] Online Hours To Credits: 1 to 20 / Is OK? - No
[2017-01-01 23:22 America/Caracas] Online Hours To Credits: 3 to 60 / Is OK? - Yes
[2017-01-01 23:25 America/Caracas] Online Hours To Credits: 4 to 80 / Is OK? - Yes
[2017-01-01 23:28 America/Caracas] Online Hours To Credits: 1 to 20 / Is OK? - Yes
[2017-01-01 23:32 America/Caracas] Online Hours To Credits: 41 to 820 / Is OK? - Yes
[2017-01-02 00:52 America/Caracas] Online Hours To Credits: 14 to 280 / Is OK? - Yes
[2017-01-02 09:44 America/Caracas] Online Hours To Credits: 35 to 700 / Is OK? - Yes
[2017-01-02 11:53 America/Caracas] Online Hours To Credits: 19 to 380 / Is OK? - Yes
[2017-01-02 13:13 America/Caracas] Online Hours To Credits: 01 to 20 / Is OK? - Yes
[2017-01-02 15:18 America/Caracas] Online Hours To Credits: 1 to 20 / Is OK? - Yes
[2017-01-02 15:52 America/Caracas] Online Hours To Credits: 9 to 180 / Is OK? - Yes
[2017-01-02 15:57 America/Caracas] Online Hours To Credits: 20 to 400 / Is OK? - Yes
[2017-01-02 16:00 America/Caracas] Online Hours To Credits: 26 to 520 / Is OK? - Yes
[2017-01-02 17:14 America/Caracas] Online Hours To Credits: 1 to 20 / Is OK? - Yes
[2017-01-02 17:23 America/Caracas] Online Hours To Credits: 1 to 20 / Is OK? - Yes
[2017-01-02 17:34 America/Caracas] Online Hours To Credits: 1 to 20 / Is OK? - Yes
[2017-01-02 19:52 America/Caracas] Gold Credits To Credits: 136 to 204 / Is OK? - Yes
[2017-01-02 22:14 America/Caracas] Online Hours To Credits: 23 to 460 / Is OK? - Yes
[2017-01-03 01:05 America/Caracas] Online Hours To Credits: 3 to 60 / Is OK? - Yes
[2017-01-03 02:44 America/Caracas] Online Hours To Credits: 6 to 120 / Is OK? - Yes
[2017-01-03 03:05 America/Caracas] Online Hours To Credits: 19 to 380 / Is OK? - No
[2017-01-03 05:26 America/Caracas] Online Hours To Credits: 10 to 200 / Is OK? - Yes
[2017-01-03 05:26 America/Caracas] Online Hours To Credits: 10 to 200 / Is OK? - Yes
[2017-01-03 07:48 America/Caracas] Online Hours To Credits: 37 to 740 / Is OK? - Yes
[2017-01-03 15:54 America/Caracas] Online Hours To Credits: 14 to 280 / Is OK? - Yes
[2017-01-03 16:01 America/Caracas] Online Hours To Credits: 12 to 240 / Is OK? - Yes
[2017-01-03 16:08 America/Caracas] Online Hours To Credits: 14 to 280 / Is OK? - Yes
[2017-01-03 16:40 America/Caracas] Online Hours To Credits: 71 to 1420 / Is OK? - Yes
[2017-01-03 16:40 America/Caracas] Online Hours To Credits: 3 to 60 / Is OK? - Yes
[2017-01-03 17:00 America/Caracas] Online Hours To Credits: 15 to 300 / Is OK? - Yes
[2017-01-03 17:05 America/Caracas] Online Hours To Credits: 5 to 100 / Is OK? - Yes
[2017-01-03 22:33 America/Caracas] Online Hours To Credits: 55 to 1100 / Is OK? - Yes
[2017-01-04 01:27 America/Caracas] Online Hours To Credits: 32 to 640 / Is OK? - Yes
[2017-01-04 01:32 America/Caracas] Gold Credits To Credits: 260 to 390 / Is OK? - Yes
[2017-01-04 06:28 America/Caracas] Online Hours To Credits: 29 to 580 / Is OK? - Yes
[2017-01-04 08:10 America/Caracas] Gold Credits To Credits: 77 to 115.5 / Is OK? - Yes
[2017-01-04 09:29 America/Caracas] Online Hours To Credits: 7 to 140 / Is OK? - Yes
[2017-01-04 10:16 America/Caracas] Online Hours To Credits: 11 to 220 / Is OK? - Yes
[2017-01-04 10:44 America/Caracas] Credits To Zen: 200 to 200000 / Is OK? - Yes
[2017-01-04 13:56 America/Caracas] Online Hours To Credits: 3 to 60 / Is OK? - Yes
[2017-01-04 14:33 America/Caracas] Online Hours To Credits: 10 to 200 / Is OK? - Yes
[2017-01-04 15:14 America/Caracas] Gold Credits To Credits: 70 to 105 / Is OK? - Yes
[2017-01-04 15:42 America/Caracas] Online Hours To Credits: 13 to 260 / Is OK? - Yes
[2017-01-04 16:16 America/Caracas] Online Hours To Credits: 12 to 240 / Is OK? - Yes
[2017-01-04 16:17 America/Caracas] Online Hours To Credits: 12 to 240 / Is OK? - Yes
[2017-01-04 20:38 America/Caracas] Online Hours To Credits: 15 to 300 / Is OK? - Yes
[2017-01-04 23:54 America/Caracas] Online Hours To Credits: 7 to 140 / Is OK? - Yes
[2017-01-04 23:54 America/Caracas] Gold Credits To Credits: 1000000000 to 1500000000 / Is OK? - No
[2017-01-05 00:18 America/Caracas] Online Hours To Credits: 82 to 1640 / Is OK? - Yes
[2017-01-05 00:18 America/Caracas] Online Hours To Credits: 82 to 1640 / Is OK? - No
[2017-01-05 01:11 America/Caracas] Online Hours To Credits: 42 to 840 / Is OK? - Yes
[2017-01-05 01:14 America/Caracas] Online Hours To Credits: 22 to 440 / Is OK? - Yes
[2017-01-05 06:25 America/Caracas] Online Hours To Credits: 14 to 280 / Is OK? - Yes
[2017-01-05 07:27 America/Caracas] Online Hours To Credits: 12 to 240 / Is OK? - Yes
[2017-01-05 07:28 America/Caracas] Gold Credits To Credits: 77 to 115.5 / Is OK? - Yes
[2017-01-05 12:44 America/Caracas] Online Hours To Credits: 19 to 380 / Is OK? - Yes
[2017-01-05 13:11 America/Caracas] Online Hours To Credits: 12 to 240 / Is OK? - Yes
[2017-01-05 16:03 America/Caracas] Online Hours To Credits: 14 to 280 / Is OK? - Yes
[2017-01-05 16:20 America/Caracas] Online Hours To Credits: 13 to 260 / Is OK? - Yes
[2017-01-05 19:34 America/Caracas] Online Hours To Credits: 8 to 160 / Is OK? - Yes
[2017-01-05 23:36 America/Caracas] Online Hours To Credits: 19 to 380 / Is OK? - Yes
[2017-01-06 04:47 America/Caracas] Online Hours To Credits: 11 to 220 / Is OK? - Yes
[2017-01-06 04:53 America/Caracas] Online Hours To Credits: 12 to 240 / Is OK? - Yes
[2017-01-06 04:54 America/Caracas] Online Hours To Credits: 24 to 480 / Is OK? - Yes
[2017-01-06 05:25 America/Caracas] Online Hours To Credits: 51 to 1020 / Is OK? - Yes
[2017-01-06 05:26 America/Caracas] Online Hours To Credits: 51 to 1020 / Is OK? - Yes
[2017-01-06 05:26 America/Caracas] Online Hours To Credits: 51 to 1020 / Is OK? - No
[2017-01-06 05:28 America/Caracas] Online Hours To Credits: 16 to 320 / Is OK? - Yes
[2017-01-06 05:28 America/Caracas] Online Hours To Credits: 16 to 320 / Is OK? - No
[2017-01-06 07:41 America/Caracas] Online Hours To Credits: 97 to 1940 / Is OK? - Yes
[2017-01-06 07:42 America/Caracas] Online Hours To Credits: 97 to 1940 / Is OK? - Yes
[2017-01-06 07:42 America/Caracas] Online Hours To Credits: 6 to 120 / Is OK? - Yes
[2017-01-06 07:44 America/Caracas] Online Hours To Credits: 127 to 2540 / Is OK? - Yes
[2017-01-06 07:47 America/Caracas] Online Hours To Credits: 119 to 2380 / Is OK? - Yes
[2017-01-06 07:47 America/Caracas] Online Hours To Credits: 7 to 140 / Is OK? - Yes
[2017-01-06 08:37 America/Caracas] Online Hours To Credits: 26 to 520 / Is OK? - Yes
[2017-01-06 08:37 America/Caracas] Online Hours To Credits: 26 to 520 / Is OK? - No
[2017-01-06 08:46 America/Caracas] Online Hours To Credits: 53 to 1060 / Is OK? - Yes
[2017-01-06 08:46 America/Caracas] Online Hours To Credits: 6 to 120 / Is OK? - Yes
[2017-01-06 14:28 America/Caracas] Online Hours To Credits: 20 to 400 / Is OK? - Yes
[2017-01-06 15:33 America/Caracas] Online Hours To Credits: 2 to 40 / Is OK? - Yes
[2017-01-06 17:04 America/Caracas] Online Hours To Credits: 9 to 180 / Is OK? - Yes
[2017-01-06 17:12 America/Caracas] Online Hours To Credits: 36 to 720 / Is OK? - Yes
[2017-01-06 22:33 America/Caracas] Online Hours To Credits: 46 to 920 / Is OK? - Yes
[2017-01-06 22:34 America/Caracas] Gold Credits To Credits: 46 to 69 / Is OK? - Yes
[2017-01-06 22:41 America/Caracas] Credits To Zen: 6 to 6000 / Is OK? - Yes
[2017-01-06 23:56 America/Caracas] Online Hours To Credits: 10 to 200 / Is OK? - Yes
[2017-01-07 00:11 America/Caracas] Online Hours To Credits: 82 to 1640 / Is OK? - Yes
[2017-01-07 00:40 America/Caracas] Online Hours To Credits: 12 to 240 / Is OK? - Yes
[2017-01-07 00:41 America/Caracas] Gold Credits To Credits: 2500 to 3750 / Is OK? - No
[2017-01-07 03:18 America/Caracas] Online Hours To Credits: 18 to 360 / Is OK? - Yes
[2017-01-07 04:04 America/Caracas] Online Hours To Credits: 43 to 860 / Is OK? - Yes
[2017-01-07 04:05 America/Caracas] Gold Credits To Credits: 100 to 150 / Is OK? - Yes
[2017-01-07 06:12 America/Caracas] Online Hours To Credits: 45 to 900 / Is OK? - Yes
[2017-01-07 06:13 America/Caracas] Online Hours To Credits: 45 to 900 / Is OK? - Yes
[2017-01-07 06:42 America/Caracas] Gold Credits To Credits: 4000 to 7600 / Is OK? - Yes
[2017-01-07 10:32 America/Caracas] Online Hours To Credits: 16 to 320 / Is OK? - Yes
[2017-01-07 10:32 America/Caracas] Online Hours To Credits: 1 to 20 / Is OK? - Yes
[2017-01-07 12:42 America/Caracas] Online Hours To Credits: 64 to 1280 / Is OK? - Yes
[2017-01-07 13:40 America/Caracas] Online Hours To Credits: 11 to 220 / Is OK? - Yes
[2017-01-07 13:52 America/Caracas] Online Hours To Credits: 58 to 1160 / Is OK? - Yes
[2017-01-07 14:01 America/Caracas] Online Hours To Credits: 11 to 220 / Is OK? - Yes
[2017-01-07 21:10 America/Caracas] Online Hours To Credits: 26 to 520 / Is OK? - Yes
[2017-01-07 22:57 America/Caracas] Online Hours To Credits: 75 to 1500 / Is OK? - Yes
[2017-01-07 23:59 America/Caracas] Online Hours To Credits: 23 to 460 / Is OK? - Yes
[2017-01-07 23:59 America/Caracas] Online Hours To Credits: 23 to 460 / Is OK? - No
[2017-01-08 01:14 America/Caracas] Online Hours To Credits: 7 to 140 / Is OK? - Yes
[2017-01-08 02:42 America/Caracas] Online Hours To Credits: 34 to 680 / Is OK? - Yes
[2017-01-08 03:59 America/Caracas] Online Hours To Credits: 48 to 960 / Is OK? - Yes
[2017-01-08 04:23 America/Caracas] Online Hours To Credits: 1 to 20 / Is OK? - Yes
[2017-01-08 04:24 America/Caracas] Online Hours To Credits: 16 to 320 / Is OK? - Yes
[2017-01-08 04:25 America/Caracas] Online Hours To Credits: 15 to 300 / Is OK? - Yes
[2017-01-08 04:40 America/Caracas] Online Hours To Credits: 29 to 580 / Is OK? - Yes
[2017-01-08 05:21 America/Caracas] Online Hours To Credits: 177 to 3540 / Is OK? - Yes
[2017-01-08 05:21 America/Caracas] Online Hours To Credits: 10 to 200 / Is OK? - Yes
[2017-01-08 05:22 America/Caracas] Online Hours To Credits: 177 to 3540 / Is OK? - Yes
[2017-01-08 05:22 America/Caracas] Online Hours To Credits: 6 to 120 / Is OK? - Yes
[2017-01-08 09:50 America/Caracas] Online Hours To Credits: 15 to 300 / Is OK? - Yes
[2017-01-08 13:30 America/Caracas] Online Hours To Credits: 22 to 440 / Is OK? - Yes
[2017-01-08 13:30 America/Caracas] Online Hours To Credits: 5 to 100 / Is OK? - Yes
[2017-01-08 13:30 America/Caracas] Online Hours To Credits: 2 to 40 / Is OK? - Yes
[2017-01-08 13:55 America/Caracas] Online Hours To Credits: 31 to 620 / Is OK? - Yes
[2017-01-08 14:04 America/Caracas] Online Hours To Credits: 7 to 140 / Is OK? - Yes
[2017-01-08 16:42 America/Caracas] Online Hours To Credits: 9 to 180 / Is OK? - Yes
[2017-01-08 17:09 America/Caracas] Online Hours To Credits: 50 to 1000 / Is OK? - Yes
[2017-01-08 17:12 America/Caracas] Online Hours To Credits: 50 to 1000 / Is OK? - Yes
[2017-01-08 17:12 America/Caracas] Online Hours To Credits: 6 to 120 / Is OK? - Yes
[2017-01-08 19:00 America/Caracas] Online Hours To Credits: 7 to 140 / Is OK? - Yes
[2017-01-08 20:02 America/Caracas] Online Hours To Credits: 38 to 760 / Is OK? - Yes
[2017-01-08 20:26 America/Caracas] Online Hours To Credits: 144 to 2880 / Is OK? - Yes
[2017-01-09 00:37 America/Caracas] Online Hours To Credits: 1 to 20 / Is OK? - Yes
[2017-01-09 00:38 America/Caracas] Online Hours To Credits: 6 to 120 / Is OK? - Yes
[2017-01-09 00:38 America/Caracas] Online Hours To Credits: 2 to 40 / Is OK? - Yes
[2017-01-09 03:42 America/Caracas] Online Hours To Credits: 2 to 40 / Is OK? - Yes
[2017-01-09 04:18 America/Caracas] Online Hours To Credits: 7 to 140 / Is OK? - Yes
[2017-01-09 08:21 America/Caracas] Online Hours To Credits: 38 to 760 / Is OK? - Yes
[2017-01-09 08:41 America/Caracas] Online Hours To Credits: 9 to 180 / Is OK? - Yes
[2017-01-09 12:48 America/Caracas] Online Hours To Credits: 60 to 1200 / Is OK? - No
[2017-01-09 12:48 America/Caracas] Online Hours To Credits: 2 to 40 / Is OK? - Yes
[2017-01-09 13:20 America/Caracas] Online Hours To Credits: 74 to 1480 / Is OK? - Yes
[2017-01-09 13:20 America/Caracas] Online Hours To Credits: 1 to 20 / Is OK? - Yes
[2017-01-09 14:21 America/Caracas] Online Hours To Credits: 2 to 40 / Is OK? - Yes
[2017-01-09 14:21 America/Caracas] Online Hours To Credits: 3 to 60 / Is OK? - Yes
[2017-01-09 14:21 America/Caracas] Online Hours To Credits: 3 to 60 / Is OK? - No
[2017-01-09 16:19 America/Caracas] Online Hours To Credits: 5 to 100 / Is OK? - Yes
[2017-01-09 16:35 America/Caracas] Online Hours To Credits: 70 to 1400 / Is OK? - Yes
[2017-01-09 17:14 America/Caracas] Online Hours To Credits: 7 to 140 / Is OK? - Yes
[2017-01-09 17:45 America/Caracas] Online Hours To Credits: 11 to 220 / Is OK? - Yes
[2017-01-09 18:29 America/Caracas] Gold Credits To Credits: 10000 to 19000 / Is OK? - No
[2017-01-09 19:38 America/Caracas] Online Hours To Credits: 9 to 180 / Is OK? - Yes
[2017-01-09 20:55 America/Caracas] Online Hours To Credits: 1190000000 to 23800000000 / Is OK? - No
[2017-01-09 20:57 America/Caracas] Online Hours To Credits: 6 to 120 / Is OK? - Yes
[2017-01-09 21:06 America/Caracas] Online Hours To Credits: 27 to 540 / Is OK? - Yes
[2017-01-09 21:16 America/Caracas] Online Hours To Credits: 36 to 720 / Is OK? - Yes
[2017-01-09 21:32 America/Caracas] Online Hours To Credits: 8 to 160 / Is OK? - Yes
[2017-01-09 23:39 America/Caracas] Online Hours To Credits: 11 to 220 / Is OK? - Yes
[2017-01-10 01:10 America/Caracas] Online Hours To Credits: 3 to 60 / Is OK? - Yes
[2017-01-10 01:10 America/Caracas] Online Hours To Credits: 6 to 120 / Is OK? - Yes
[2017-01-10 02:08 America/Caracas] Online Hours To Credits: 83 to 1660 / Is OK? - Yes
[2017-01-10 02:08 America/Caracas] Online Hours To Credits: 2 to 40 / Is OK? - Yes
[2017-01-10 07:29 America/Caracas] Online Hours To Credits: 8 to 160 / Is OK? - Yes
[2017-01-10 08:02 America/Caracas] Online Hours To Credits: 17 to 340 / Is OK? - Yes
[2017-01-10 08:02 America/Caracas] Online Hours To Credits: 17 to 340 / Is OK? - No
[2017-01-10 09:38 America/Caracas] Online Hours To Credits: 2 to 40 / Is OK? - Yes
[2017-01-11 15:59 UTC] Online Hours To Credits: 44 to 880 / Is OK? - Yes
[2017-01-11 16:01 UTC] Online Hours To Credits: 65 to 1300 / Is OK? - Yes
[2017-01-11 16:01 UTC] Online Hours To Credits: 1 to 20 / Is OK? - Yes
[2017-01-11 16:02 UTC] Online Hours To Credits: 44 to 880 / Is OK? - Yes
[2017-01-11 16:03 UTC] Online Hours To Credits: 121 to 2420 / Is OK? - Yes
[2017-01-11 16:03 UTC] Online Hours To Credits: 44 to 880 / Is OK? - Yes
[2017-01-11 16:03 UTC] Online Hours To Credits: 11 to 220 / Is OK? - Yes
[2017-01-11 16:11 UTC] Online Hours To Credits: 11 to 220 / Is OK? - Yes
[2017-01-11 17:01 UTC] Online Hours To Credits: 5 to 100 / Is OK? - Yes
[2017-01-11 17:17 UTC] Online Hours To Credits: 20 to 400 / Is OK? - Yes
[2017-01-11 17:32 UTC] Online Hours To Credits: 86 to 1720 / Is OK? - Yes
[2017-01-11 14:58 America/Caracas] Online Hours To Credits: 10 to 200 / Is OK? - Yes
[2017-01-11 15:47 America/Caracas] Online Hours To Credits: 16 to 320 / Is OK? - Yes
[2017-01-11 15:47 America/Caracas] Online Hours To Credits: 16 to 320 / Is OK? - Yes
[2017-01-11 15:47 America/Caracas] Online Hours To Credits: 16 to 320 / Is OK? - Yes
[2017-01-11 15:48 America/Caracas] Online Hours To Credits: 9 to 180 / Is OK? - Yes
[2017-01-11 15:50 America/Caracas] Online Hours To Credits: 19 to 380 / Is OK? - Yes
[2017-01-11 15:51 America/Caracas] Online Hours To Credits: 35 to 700 / Is OK? - Yes
[2017-01-11 17:28 America/Caracas] Gold Credits To Credits: 400 to 760 / Is OK? - Yes
[2017-01-11 17:36 America/Caracas] Gold Credits To Credits: 65 to 123.5 / Is OK? - Yes
[2017-01-11 17:42 America/Caracas] Online Hours To Credits: 5 to 100 / Is OK? - Yes
[2017-01-11 18:34 America/Caracas] Online Hours To Credits: 3 to 60 / Is OK? - Yes
[2017-01-11 19:28 America/Caracas] Online Hours To Credits: 20 to 400 / Is OK? - Yes
[2017-01-11 20:20 America/Caracas] Gold Credits To Credits: 14 to 26.6 / Is OK? - Yes
[2017-01-11 20:20 America/Caracas] Gold Credits To Credits: 14 to 26.6 / Is OK? - Yes
[2017-01-11 21:03 America/Caracas] Online Hours To Credits: 102 to 2040 / Is OK? - Yes
[2017-01-11 21:05 America/Caracas] Online Hours To Credits: 102 to 2040 / Is OK? - Yes
[2017-01-11 22:10 America/Caracas] Online Hours To Credits: 10 to 200 / Is OK? - Yes
[2017-01-11 22:19 America/Caracas] Online Hours To Credits: 29 to 580 / Is OK? - Yes
[2017-01-11 22:22 America/Caracas] Online Hours To Credits: 8 to 160 / Is OK? - Yes
[2017-01-11 23:20 America/Caracas] Online Hours To Credits: 29 to 580 / Is OK? - Yes
[2017-01-11 23:40 America/Caracas] Online Hours To Credits: 31 to 620 / Is OK? - Yes
[2017-01-12 10:23 America/Caracas] Online Hours To Credits: 9 to 180 / Is OK? - Yes
[2017-01-12 12:32 America/Caracas] Online Hours To Credits: 6 to 120 / Is OK? - Yes
[2017-01-12 12:41 America/Caracas] Online Hours To Credits: 5 to 100 / Is OK? - Yes
[2017-01-12 13:47 America/Caracas] Online Hours To Credits: 1 to 20 / Is OK? - Yes
[2017-01-12 14:00 America/Caracas] Online Hours To Credits: 4 to 80 / Is OK? - Yes
[2017-01-12 14:00 America/Caracas] Online Hours To Credits: 4 to 80 / Is OK? - No
[2017-01-12 14:47 America/Caracas] Online Hours To Credits: 11 to 220 / Is OK? - Yes
[2017-01-12 15:52 America/Caracas] Online Hours To Credits: 2 to 40 / Is OK? - Yes
[2017-01-12 15:54 America/Caracas] Online Hours To Credits: 17 to 340 / Is OK? - Yes
[2017-01-12 19:35 America/Caracas] Online Hours To Credits: 8 to 160 / Is OK? - Yes
[2017-01-12 21:42 America/Caracas] Online Hours To Credits: 20 to 400 / Is OK? - Yes
[2017-01-12 22:17 America/Caracas] Online Hours To Credits: 5 to 100 / Is OK? - Yes
[2017-01-12 23:12 America/Caracas] Online Hours To Credits: 6 to 120 / Is OK? - Yes
[2017-01-12 23:48 America/Caracas] Online Hours To Credits: 11 to 220 / Is OK? - Yes
[2017-01-12 23:51 America/Caracas] Online Hours To Credits: 24 to 480 / Is OK? - Yes
[2017-01-13 02:48 America/Caracas] Online Hours To Credits: 30 to 600 / Is OK? - Yes
[2017-01-13 03:05 America/Caracas] Online Hours To Credits: 48 to 960 / Is OK? - Yes
[2017-01-13 03:09 America/Caracas] Online Hours To Credits: 110 to 2200 / Is OK? - Yes
[2017-01-13 03:10 America/Caracas] Online Hours To Credits: 110 to 2200 / Is OK? - Yes
[2017-01-13 03:10 America/Caracas] Online Hours To Credits: 4 to 80 / Is OK? - Yes
[2017-01-13 03:24 America/Caracas] Online Hours To Credits: 107 to 2140 / Is OK? - Yes
[2017-01-13 03:25 America/Caracas] Online Hours To Credits: 107 to 2140 / Is OK? - Yes
[2017-01-13 07:43 America/Caracas] Online Hours To Credits: 16 to 320 / Is OK? - Yes
[2017-01-13 12:13 America/Caracas] Online Hours To Credits: 30 to 600 / Is OK? - Yes
[2017-01-13 13:34 America/Caracas] Online Hours To Credits: 12 to 240 / Is OK? - Yes
[2017-01-13 13:37 America/Caracas] Online Hours To Credits: 111 to 2220 / Is OK? - No
[2017-01-13 13:37 America/Caracas] Online Hours To Credits: 11 to 220 / Is OK? - Yes
[2017-01-13 13:39 America/Caracas] Online Hours To Credits: 3 to 60 / Is OK? - Yes
[2017-01-13 15:17 America/Caracas] Online Hours To Credits: 38 to 760 / Is OK? - Yes
[2017-01-13 15:24 America/Caracas] Gold Credits To Credits: 239 to 454.1 / Is OK? - Yes
[2017-01-13 15:24 America/Caracas] Online Hours To Credits: 8 to 160 / Is OK? - Yes
[2017-01-13 17:36 America/Caracas] Online Hours To Credits: 14 to 280 / Is OK? - Yes
[2017-01-13 21:16 America/Caracas] Online Hours To Credits: 56 to 1120 / Is OK? - Yes
[2017-01-13 22:15 America/Caracas] Online Hours To Credits: 18 to 360 / Is OK? - Yes
[2017-01-14 00:00 America/Caracas] Online Hours To Credits: 63 to 1260 / Is OK? - Yes
[2017-01-14 09:57 America/Caracas] Online Hours To Credits: 66 to 1320 / Is OK? - Yes
[2017-01-14 10:28 America/Caracas] Online Hours To Credits: 1 to 20 / Is OK? - Yes
[2017-01-14 10:44 America/Caracas] Online Hours To Credits: 15 to 300 / Is OK? - Yes
[2017-01-14 18:10 America/Caracas] Online Hours To Credits: 20 to 400 / Is OK? - Yes
[2017-01-14 19:17 America/Caracas] Online Hours To Credits: 10 to 200 / Is OK? - Yes
[2017-01-14 19:27 America/Caracas] Online Hours To Credits: 12 to 240 / Is OK? - Yes
[2017-01-14 20:40 America/Caracas] Online Hours To Credits: 66 to 1320 / Is OK? - Yes
[2017-01-14 20:55 America/Caracas] Online Hours To Credits: 38 to 760 / Is OK? - Yes
[2017-01-14 20:55 America/Caracas] Online Hours To Credits: httpmuo to 0 / Is OK? - Yes
[2017-01-14 20:55 America/Caracas] Online Hours To Credits: 36 to 720 / Is OK? - Yes
[2017-01-14 20:58 America/Caracas] Online Hours To Credits: 168 to 3360 / Is OK? - Yes
[2017-01-14 20:58 America/Caracas] Online Hours To Credits: 5 to 100 / Is OK? - Yes
[2017-01-14 21:06 America/Caracas] Online Hours To Credits: 73 to 1460 / Is OK? - Yes
[2017-01-14 21:10 America/Caracas] Online Hours To Credits: 78 to 1560 / Is OK? - Yes
[2017-01-14 21:25 America/Caracas] Gold Credits To Credits: 140 to 266 / Is OK? - Yes
[2017-01-14 21:39 America/Caracas] Online Hours To Credits: 11 to 220 / Is OK? - Yes
[2017-01-14 21:53 America/Caracas] Online Hours To Credits: 141 to 2820 / Is OK? - Yes
[2017-01-14 23:27 America/Caracas] Online Hours To Credits: 10 to 200 / Is OK? - Yes
[2017-01-14 23:49 America/Caracas] Online Hours To Credits: 72 to 1440 / Is OK? - Yes
[2017-01-14 23:55 America/Caracas] Online Hours To Credits: 18 to 360 / Is OK? - Yes
[2017-01-15 01:01 America/Caracas] Online Hours To Credits: 3 to 60 / Is OK? - Yes
[2017-01-15 03:19 America/Caracas] Online Hours To Credits: 19 to 380 / Is OK? - Yes
[2017-01-15 07:33 America/Caracas] Gold Credits To Credits: 46 to 87.4 / Is OK? - Yes
[2017-01-15 07:47 America/Caracas] Online Hours To Credits: 32 to 640 / Is OK? - Yes
[2017-01-15 07:48 America/Caracas] Online Hours To Credits: 32 to 640 / Is OK? - Yes
[2017-01-15 07:48 America/Caracas] Online Hours To Credits: 32 to 640 / Is OK? - No
[2017-01-15 07:59 America/Caracas] Online Hours To Credits: 17 to 340 / Is OK? - Yes
[2017-01-15 09:30 America/Caracas] Online Hours To Credits: 9 to 180 / Is OK? - Yes
[2017-01-23 15:08 America/Caracas] Online Hours To Credits: 1 to 20 / Is OK? - Yes
[2017-01-23 20:21 America/Caracas] Online Hours To Credits: 3 to 60 / Is OK? - Yes
[2017-01-24 10:44 America/Caracas] Gold Credits To Credits: 2 to 3.8 / Is OK? - No
[2017-01-24 10:45 America/Caracas] Online Hours To Credits: 8 to 160 / Is OK? - Yes
[2017-01-24 10:49 America/Caracas] Online Hours To Credits: 11 to 220 / Is OK? - Yes
[2017-01-24 10:51 America/Caracas] Online Hours To Credits: 14 to 280 / Is OK? - Yes
[2017-01-24 11:04 America/Caracas] Online Hours To Credits: 12 to 240 / Is OK? - No
[2017-01-24 11:04 America/Caracas] Online Hours To Credits: 24 to 480 / Is OK? - No
[2017-01-24 11:04 America/Caracas] Online Hours To Credits: 1 to 20 / Is OK? - No
[2017-01-24 21:00 America/Caracas] Online Hours To Credits: 18 to 360 / Is OK? - Yes
[2017-01-24 22:33 America/Caracas] Online Hours To Credits: 9 to 180 / Is OK? - Yes
[2017-01-24 23:01 America/Caracas] Online Hours To Credits: 8 to 160 / Is OK? - Yes
[2017-01-24 23:03 America/Caracas] Online Hours To Credits: 17 to 340 / Is OK? - Yes
[2017-01-24 23:03 America/Caracas] Online Hours To Credits: 17 to 340 / Is OK? - Yes
[2017-01-25 02:20 America/Caracas] Online Hours To Credits: 8 to 160 / Is OK? - Yes
[2017-01-25 05:48 America/Caracas] Online Hours To Credits: 10 to 200 / Is OK? - Yes
[2017-01-25 20:12 UTC] Online Hours To Credits: 14 to 280 / Is OK? - Yes
[2017-01-25 20:41 UTC] Online Hours To Credits: 17 to 340 / Is OK? - Yes
[2017-01-25 20:52 UTC] Online Hours To Credits: 6 to 120 / Is OK? - Yes
[2017-01-25 20:53 UTC] Online Hours To Credits: 20 to 400 / Is OK? - Yes
[2017-01-25 21:03 UTC] Online Hours To Credits: 5 to 100 / Is OK? - Yes
[2017-01-25 21:49 UTC] Online Hours To Credits: 24 to 480 / Is OK? - Yes
[2017-01-26 00:02 UTC] Online Hours To Credits: 4 to 80 / Is OK? - Yes
[2017-01-26 01:01 UTC] Online Hours To Credits: 7 to 140 / Is OK? - Yes
[2017-01-26 01:13 UTC] Online Hours To Credits: 4 to 80 / Is OK? - Yes
[2017-01-26 02:23 UTC] Online Hours To Credits: 5 to 100 / Is OK? - Yes
[2017-01-26 02:38 UTC] Online Hours To Credits: 36 to 720 / Is OK? - Yes
[2017-01-26 02:51 UTC] Online Hours To Credits: 9 to 180 / Is OK? - Yes
[2017-01-26 02:58 UTC] Credits To Zen: 1000 to 1000000000 / Is OK? - Yes
[2017-01-26 02:59 UTC] Credits To Zen: 100 to 10000000 / Is OK? - Yes
[2017-01-26 03:08 UTC] Zen To Credits: 2 to 8.0E-9 / Is OK? - Yes
[2017-01-26 03:08 UTC] Zen To Credits: 2 to 8.0E-9 / Is OK? - Yes
[2017-01-26 03:09 UTC] Zen To Credits: 100 to 4.0E-7 / Is OK? - Yes
[2017-01-26 03:10 UTC] Online Hours To Credits: 10 to 200 / Is OK? - Yes
[2017-01-26 03:54 UTC] Online Hours To Credits: 22 to 440 / Is OK? - Yes
[2017-01-26 04:46 UTC] Zen To Credits: 90000000 to 0.09 / Is OK? - Yes
[2017-01-26 04:57 UTC] Online Hours To Credits: 3 to 60 / Is OK? - Yes
[2017-01-26 07:01 UTC] Zen To Credits: 9 to 9.0E-9 / Is OK? - No
[2017-01-26 07:01 UTC] Online Hours To Credits: 26 to 520 / Is OK? - Yes
[2017-01-26 07:02 UTC] Credits To Zen: 10 to 1000000 / Is OK? - Yes
[2017-01-26 07:02 UTC] Zen To Credits: 9 to 9.0E-9 / Is OK? - Yes
[2017-01-26 07:02 UTC] Zen To Credits: 9 to 9.0E-9 / Is OK? - Yes
[2017-01-26 07:02 UTC] Zen To Credits: 9 to 9.0E-9 / Is OK? - Yes
[2017-01-26 07:02 UTC] Zen To Credits: 9 to 9.0E-9 / Is OK? - Yes
[2017-01-26 07:02 UTC] Zen To Credits: 2 to 2.0E-9 / Is OK? - Yes
[2017-01-26 07:03 UTC] Zen To Credits: 999964 to 0.000999964 / Is OK? - No
[2017-01-26 07:03 UTC] Zen To Credits: 9999 to 9.999E-6 / Is OK? - Yes
[2017-01-26 08:24 UTC] Online Hours To Credits: 12 to 240 / Is OK? - Yes
[2017-01-26 11:28 UTC] Online Hours To Credits: 1 to 20 / Is OK? - Yes
[2017-01-26 11:37 UTC] Gold Credits To Credits: 100000 to 190000 / Is OK? - No
[2017-01-26 11:39 UTC] Zen To Credits: 2 to 2.0E-9 / Is OK? - No
[2017-01-26 12:33 UTC] Online Hours To Credits: 13 to 260 / Is OK? - Yes
[2017-01-26 09:05 America/Caracas] Online Hours To Credits: 21 to 420 / Is OK? - Yes
[2017-01-26 09:06 America/Caracas] Online Hours To Credits: 5 to 100 / Is OK? - Yes
[2017-01-26 09:06 America/Caracas] Online Hours To Credits: 11 to 220 / Is OK? - Yes
[2017-01-26 09:06 America/Caracas] Zen To Credits: 2 to 2.0E-9 / Is OK? - Yes
[2017-01-26 09:06 America/Caracas] Zen To Credits: 2 to 2.0E-9 / Is OK? - Yes
[2017-01-26 09:07 America/Caracas] Zen To Credits: 1000000000 to 1 / Is OK? - Yes
[2017-01-26 09:09 America/Caracas] Online Hours To Credits: 22 to 440 / Is OK? - Yes
[2017-01-26 09:09 America/Caracas] Online Hours To Credits: 5 to 100 / Is OK? - No
[2017-01-26 09:11 America/Caracas] Online Hours To Credits: 13 to 260 / Is OK? - Yes
[2017-01-26 09:13 America/Caracas] Online Hours To Credits: 13 to 260 / Is OK? - Yes
[2017-01-26 10:25 America/Caracas] Zen To Credits: 9 to 9.0E-9 / Is OK? - No
[2017-01-26 10:25 America/Caracas] Online Hours To Credits: 15 to 300 / Is OK? - Yes
[2017-01-26 10:32 America/Caracas] Zen To Credits: 9 to 9.0E-9 / Is OK? - Yes
[2017-01-26 11:20 America/Caracas] Credits To Zen: 10 to 1000000 / Is OK? - Yes
[2017-01-26 11:20 America/Caracas] Credits To Zen: 10 to 1000000 / Is OK? - Yes
[2017-01-26 11:21 America/Caracas] Credits To Zen: 10 to 1000000 / Is OK? - Yes
[2017-01-26 11:24 America/Caracas] Credits To Zen: 10 to 1000000 / Is OK? - Yes
[2017-01-26 11:25 America/Caracas] Online Hours To Credits: 14 to 280 / Is OK? - Yes
[2017-01-26 12:47 America/Caracas] Zen To Credits: 9 to 9.0E-9 / Is OK? - Yes
[2017-01-26 12:47 America/Caracas] Zen To Credits: 9 to 9.0E-9 / Is OK? - Yes
[2017-01-26 12:55 America/Caracas] Online Hours To Credits: 8 to 160 / Is OK? - Yes
[2017-01-26 13:07 America/Caracas] Online Hours To Credits: 15 to 300 / Is OK? - Yes
[2017-01-26 13:08 America/Caracas] Online Hours To Credits: 15 to 300 / Is OK? - No
[2017-01-26 13:42 America/Caracas] Online Hours To Credits: 5 to 100 / Is OK? - Yes
[2017-01-26 13:43 America/Caracas] Zen To Credits: 9 to 9.0E-9 / Is OK? - Yes
[2017-01-26 13:44 America/Caracas] Zen To Credits: 9 to 9.0E-9 / Is OK? - Yes
[2017-01-26 13:44 America/Caracas] Online Hours To Credits: 5 to 100 / Is OK? - Yes
[2017-01-26 18:37 America/Caracas] Zen To Credits: 1 to 1.0E-9 / Is OK? - Yes
[2017-01-26 18:41 America/Caracas] Online Hours To Credits: 18 to 360 / Is OK? - Yes
[2017-01-26 18:53 America/Caracas] Zen To Credits: 9999999999 to 9.999999999 / Is OK? - No
[2017-01-26 18:53 America/Caracas] Online Hours To Credits: 15 to 300 / Is OK? - Yes
