[2016-12-19 01:39 America/Caracas] Buyer Username: proks23
[2016-12-19 14:34 America/Caracas] Buyer Username: VanSwetch
[2016-12-20 16:15 America/Caracas] Buyer Username: kariuz
[2016-12-21 01:30 America/Caracas] Buyer Username: VanSwetch
[2016-12-21 22:34 America/Caracas] Buyer Username: romeo523
[2016-12-22 13:44 America/Caracas] Buyer Username: romeo523
[2016-12-23 13:28 America/Caracas] Buyer Username: yhonaiker
[2016-12-23 22:09 America/Caracas] Buyer Username: Reyzor
[2016-12-24 14:42 America/Caracas] Buyer Username: VanSwetch
[2016-12-24 19:29 America/Caracas] Buyer Username: natynaty
[2016-12-24 19:30 America/Caracas] Buyer Username: natynaty
[2016-12-24 20:20 America/Caracas] Buyer Username: haderledth
[2016-12-24 20:21 America/Caracas] Buyer Username: haderledth
[2016-12-24 20:22 America/Caracas] Buyer Username: haderledth
[2016-12-24 20:24 America/Caracas] Buyer Username: haderledth
[2016-12-24 20:24 America/Caracas] Buyer Username: haderledth
[2016-12-24 20:27 America/Caracas] Buyer Username: haderledth
[2016-12-24 20:28 America/Caracas] Buyer Username: haderledth
[2016-12-24 21:47 America/Caracas] Buyer Username: Reyzor
[2016-12-24 21:52 America/Caracas] Buyer Username: Reyzor
[2016-12-24 21:56 America/Caracas] Buyer Username: Reyzor
[2016-12-24 21:56 America/Caracas] Buyer Username: Reyzor
[2016-12-24 21:57 America/Caracas] Buyer Username: Reyzor
[2016-12-25 02:18 America/Caracas] Buyer Username: mapmlz
[2016-12-25 11:13 America/Caracas] Buyer Username: NyA2016
[2016-12-25 11:18 America/Caracas] Buyer Username: NyA2016
[2016-12-25 11:19 America/Caracas] Buyer Username: NyA2016
[2016-12-25 11:19 America/Caracas] Buyer Username: NyA2016
[2016-12-25 11:20 America/Caracas] Buyer Username: NyA2016
[2016-12-25 11:21 America/Caracas] Buyer Username: NyA2016
[2016-12-25 11:21 America/Caracas] Buyer Username: NyA2016
[2016-12-25 11:22 America/Caracas] Buyer Username: NyA2016
[2016-12-25 20:23 America/Caracas] Buyer Username: perez92
[2016-12-25 20:24 America/Caracas] Buyer Username: perez92
[2016-12-25 20:35 America/Caracas] Buyer Username: perez92
[2016-12-25 20:35 America/Caracas] Buyer Username: perez92
[2016-12-25 20:36 America/Caracas] Buyer Username: perez92
[2016-12-25 20:36 America/Caracas] Buyer Username: perez92
[2016-12-25 20:37 America/Caracas] Buyer Username: perez92
[2016-12-25 20:37 America/Caracas] Buyer Username: perez92
[2016-12-25 22:30 America/Caracas] Buyer Username: kariuz
[2016-12-25 22:32 America/Caracas] Buyer Username: kariuz
[2016-12-25 22:32 America/Caracas] Buyer Username: kariuz
[2016-12-25 22:33 America/Caracas] Buyer Username: kariuz
[2016-12-25 22:33 America/Caracas] Buyer Username: kariuz
[2016-12-25 22:34 America/Caracas] Buyer Username: kariuz
[2016-12-25 22:36 America/Caracas] Buyer Username: kariuz
[2016-12-25 22:41 America/Caracas] Buyer Username: Zionz95
[2016-12-25 22:41 America/Caracas] Buyer Username: Zionz95
[2016-12-25 22:42 America/Caracas] Buyer Username: Zionz95
[2016-12-25 22:42 America/Caracas] Buyer Username: Zionz95
[2016-12-25 22:43 America/Caracas] Buyer Username: Zionz95
[2016-12-25 22:43 America/Caracas] Buyer Username: Zionz95
[2016-12-25 23:00 America/Caracas] Buyer Username: Zionz95
[2016-12-26 00:34 America/Caracas] Buyer Username: 1chegua1
[2016-12-26 00:35 America/Caracas] Buyer Username: 1chegua1
[2016-12-26 00:42 America/Caracas] Buyer Username: 1chegua1
[2016-12-26 00:46 America/Caracas] Buyer Username: tiscomon13
[2016-12-26 00:47 America/Caracas] Buyer Username: tiscomon13
[2016-12-26 02:34 America/Caracas] Buyer Username: perez92
[2016-12-26 02:35 America/Caracas] Buyer Username: perez92
[2016-12-26 02:37 America/Caracas] Buyer Username: perez92
[2016-12-26 13:26 America/Caracas] Buyer Username: melfishito
[2016-12-26 13:27 America/Caracas] Buyer Username: melfishito
[2016-12-26 13:30 America/Caracas] Buyer Username: melfishito
[2016-12-26 14:06 America/Caracas] Buyer Username: melfishito
[2016-12-26 14:08 America/Caracas] Buyer Username: melfishito
[2016-12-26 14:10 America/Caracas] Buyer Username: melfishito
[2016-12-26 14:11 America/Caracas] Buyer Username: melfishito
[2016-12-26 14:12 America/Caracas] Buyer Username: melfishito
[2016-12-26 14:13 America/Caracas] Buyer Username: melfishito
[2016-12-26 14:14 America/Caracas] Buyer Username: melfishito
[2016-12-26 14:15 America/Caracas] Buyer Username: melfishito
[2016-12-26 14:16 America/Caracas] Buyer Username: melfishito
[2016-12-26 15:12 America/Caracas] Buyer Username: 1chegua1
[2016-12-26 15:13 America/Caracas] Buyer Username: 1chegua1
[2016-12-26 15:14 America/Caracas] Buyer Username: 1chegua1
[2016-12-26 15:14 America/Caracas] Buyer Username: 1chegua1
[2016-12-26 15:15 America/Caracas] Buyer Username: 1chegua1
[2016-12-26 15:45 America/Caracas] Buyer Username: 1chegua1
[2016-12-26 15:47 America/Caracas] Buyer Username: 1chegua1
[2016-12-26 15:53 America/Caracas] Buyer Username: melfishito
[2016-12-26 17:04 America/Caracas] Buyer Username: troll
[2016-12-26 17:20 America/Caracas] Buyer Username: melfishito
[2016-12-26 17:21 America/Caracas] Buyer Username: melfishito
[2016-12-26 17:59 America/Caracas] Buyer Username: hewolfs10
[2016-12-26 17:59 America/Caracas] Buyer Username: kariuz
[2016-12-26 18:03 America/Caracas] Buyer Username: kariuz
[2016-12-26 18:03 America/Caracas] Buyer Username: kariuz
[2016-12-29 03:45 America/Caracas] Buyer Username: Raishin
[2016-12-29 03:45 America/Caracas] Buyer Username: Raishin
[2016-12-29 03:46 America/Caracas] Buyer Username: Raishin
[2016-12-29 03:46 America/Caracas] Buyer Username: Raishin
[2016-12-29 03:46 America/Caracas] Buyer Username: Raishin
[2016-12-29 03:46 America/Caracas] Buyer Username: Raishin
[2016-12-29 03:47 America/Caracas] Buyer Username: Raishin
[2016-12-29 05:46 America/Caracas] Buyer Username: Nulevi
[2016-12-29 05:46 America/Caracas] Buyer Username: Nulevi
[2016-12-29 09:19 America/Caracas] Buyer Username: neosdeath0
[2016-12-29 09:20 America/Caracas] Buyer Username: neosdeath0
[2016-12-29 09:20 America/Caracas] Buyer Username: neosdeath0
[2016-12-29 09:21 America/Caracas] Buyer Username: neosdeath0
[2016-12-29 09:21 America/Caracas] Buyer Username: neosdeath0
[2016-12-29 09:21 America/Caracas] Buyer Username: neosdeath0
[2016-12-29 09:22 America/Caracas] Buyer Username: neosdeath0
[2016-12-29 09:23 America/Caracas] Buyer Username: neosdeath0
[2016-12-29 09:26 America/Caracas] Buyer Username: neosdeath0
[2016-12-29 09:26 America/Caracas] Buyer Username: neosdeath0
[2016-12-29 09:27 America/Caracas] Buyer Username: neosdeath0
[2016-12-29 09:27 America/Caracas] Buyer Username: neosdeath0
[2016-12-29 09:27 America/Caracas] Buyer Username: neosdeath0
[2016-12-29 09:31 America/Caracas] Buyer Username: neosdeath0
[2016-12-29 09:31 America/Caracas] Buyer Username: neosdeath0
[2016-12-29 09:34 America/Caracas] Buyer Username: neosdeath0
[2016-12-29 09:34 America/Caracas] Buyer Username: neosdeath0
[2016-12-29 09:35 America/Caracas] Buyer Username: neosdeath0
[2016-12-29 09:35 America/Caracas] Buyer Username: neosdeath0
[2016-12-29 09:35 America/Caracas] Buyer Username: neosdeath0
[2016-12-29 09:35 America/Caracas] Buyer Username: neosdeath0
[2016-12-29 09:38 America/Caracas] Buyer Username: neosdeath0
[2016-12-29 09:38 America/Caracas] Buyer Username: neosdeath0
[2016-12-29 09:38 America/Caracas] Buyer Username: neosdeath0
[2016-12-29 09:40 America/Caracas] Buyer Username: neosdeath0
[2016-12-29 09:41 America/Caracas] Buyer Username: neosdeath0
[2016-12-29 09:41 America/Caracas] Buyer Username: neosdeath0
[2016-12-29 09:41 America/Caracas] Buyer Username: neosdeath0
[2016-12-29 09:42 America/Caracas] Buyer Username: neosdeath0
[2016-12-29 09:42 America/Caracas] Buyer Username: neosdeath0
[2016-12-29 09:49 America/Caracas] Buyer Username: neosdeath0
[2016-12-29 09:53 America/Caracas] Buyer Username: neosdeath0
[2016-12-29 09:53 America/Caracas] Buyer Username: neosdeath0
[2016-12-29 09:55 America/Caracas] Buyer Username: neosdeath0
[2016-12-29 09:55 America/Caracas] Buyer Username: neosdeath0
[2016-12-29 09:56 America/Caracas] Buyer Username: neosdeath0
[2016-12-29 09:58 America/Caracas] Buyer Username: neosdeath0
[2016-12-29 09:58 America/Caracas] Buyer Username: neosdeath0
[2016-12-29 09:58 America/Caracas] Buyer Username: neosdeath0
[2016-12-29 09:58 America/Caracas] Buyer Username: neosdeath0
[2016-12-29 10:01 America/Caracas] Buyer Username: neosdeath0
[2016-12-29 10:01 America/Caracas] Buyer Username: neosdeath0
[2016-12-29 10:01 America/Caracas] Buyer Username: neosdeath0
[2016-12-29 11:58 America/Caracas] Buyer Username: Nulevi
[2016-12-29 11:58 America/Caracas] Buyer Username: Nulevi
[2016-12-29 11:59 America/Caracas] Buyer Username: Nulevi
[2016-12-29 12:00 America/Caracas] Buyer Username: Nulevi
[2016-12-29 12:00 America/Caracas] Buyer Username: Nulevi
[2016-12-29 12:01 America/Caracas] Buyer Username: Nulevi
[2016-12-29 15:05 America/Caracas] Buyer Username: 16880793cs
[2016-12-29 15:06 America/Caracas] Buyer Username: 16880793cs
[2016-12-29 15:07 America/Caracas] Buyer Username: 16880793cs
[2016-12-29 15:07 America/Caracas] Buyer Username: 16880793cs
[2016-12-29 17:52 America/Caracas] Buyer Username: perez92
[2016-12-29 17:53 America/Caracas] Buyer Username: perez92
[2016-12-29 17:53 America/Caracas] Buyer Username: perez92
[2016-12-29 17:54 America/Caracas] Buyer Username: perez92
[2016-12-29 17:54 America/Caracas] Buyer Username: perez92
[2016-12-29 20:07 America/Caracas] Buyer Username: elcoroo
[2016-12-30 04:46 America/Caracas] Buyer Username: yhonaiker
[2016-12-30 22:33 America/Caracas] Buyer Username: Raishin
[2016-12-30 22:35 America/Caracas] Buyer Username: Raishin
[2016-12-30 22:35 America/Caracas] Buyer Username: Raishin
[2016-12-30 22:35 America/Caracas] Buyer Username: Raishin
[2016-12-30 22:35 America/Caracas] Buyer Username: Raishin
[2016-12-30 22:36 America/Caracas] Buyer Username: Raishin
[2016-12-31 00:00 America/Caracas] Buyer Username: barnabas
[2016-12-31 01:28 America/Caracas] Buyer Username: Panda
[2016-12-31 01:49 America/Caracas] Buyer Username: Panda
[2016-12-31 03:00 America/Caracas] Buyer Username: vnzlpro
[2016-12-31 03:17 America/Caracas] Buyer Username: Yord12
[2016-12-31 03:41 America/Caracas] Buyer Username: Raishin
[2016-12-31 03:43 America/Caracas] Buyer Username: Raishin
[2016-12-31 03:44 America/Caracas] Buyer Username: Raishin
[2016-12-31 03:44 America/Caracas] Buyer Username: Raishin
[2016-12-31 03:45 America/Caracas] Buyer Username: Raishin
[2016-12-31 03:45 America/Caracas] Buyer Username: Raishin
[2016-12-31 03:46 America/Caracas] Buyer Username: Raishin
[2016-12-31 03:46 America/Caracas] Buyer Username: Raishin
[2016-12-31 03:57 America/Caracas] Buyer Username: Raishin
[2016-12-31 03:57 America/Caracas] Buyer Username: Raishin
[2016-12-31 03:58 America/Caracas] Buyer Username: Raishin
[2016-12-31 03:58 America/Caracas] Buyer Username: Raishin
[2016-12-31 03:59 America/Caracas] Buyer Username: Raishin
[2016-12-31 03:59 America/Caracas] Buyer Username: Raishin
[2016-12-31 03:59 America/Caracas] Buyer Username: Raishin
[2016-12-31 04:00 America/Caracas] Buyer Username: Raishin
[2016-12-31 04:00 America/Caracas] Buyer Username: Raishin
[2016-12-31 04:00 America/Caracas] Buyer Username: Raishin
[2016-12-31 04:01 America/Caracas] Buyer Username: Raishin
[2016-12-31 04:01 America/Caracas] Buyer Username: Raishin
[2016-12-31 04:02 America/Caracas] Buyer Username: Reyzor
[2016-12-31 04:02 America/Caracas] Buyer Username: Reyzor
[2016-12-31 04:16 America/Caracas] Buyer Username: BusterFx
[2016-12-31 04:17 America/Caracas] Buyer Username: BusterFx
[2016-12-31 04:17 America/Caracas] Buyer Username: BusterFx
[2016-12-31 04:17 America/Caracas] Buyer Username: BusterFx
[2016-12-31 04:18 America/Caracas] Buyer Username: BusterFx
[2016-12-31 06:22 America/Caracas] Buyer Username: jose92
[2016-12-31 06:24 America/Caracas] Buyer Username: jose92
[2016-12-31 06:26 America/Caracas] Buyer Username: jose92
[2016-12-31 06:26 America/Caracas] Buyer Username: jose92
[2016-12-31 06:27 America/Caracas] Buyer Username: jose92
[2016-12-31 06:35 America/Caracas] Buyer Username: anakarina
[2016-12-31 06:43 America/Caracas] Buyer Username: pedro92
[2016-12-31 06:46 America/Caracas] Buyer Username: mafia
[2016-12-31 06:48 America/Caracas] Buyer Username: mafia
[2016-12-31 06:57 America/Caracas] Buyer Username: Kariuz
[2016-12-31 07:04 America/Caracas] Buyer Username: anna
[2016-12-31 07:20 America/Caracas] Buyer Username: maria92
[2016-12-31 07:47 America/Caracas] Buyer Username: luis92
[2016-12-31 07:50 America/Caracas] Buyer Username: uri1123
[2016-12-31 07:52 America/Caracas] Buyer Username: uri1123
[2016-12-31 09:56 America/Caracas] Buyer Username: hewolfs
[2016-12-31 10:46 America/Caracas] Buyer Username: sirguzz
[2016-12-31 10:46 America/Caracas] Buyer Username: sirguzz
[2016-12-31 10:47 America/Caracas] Buyer Username: sirguzz
[2016-12-31 10:48 America/Caracas] Buyer Username: sirguzz
[2016-12-31 10:50 America/Caracas] Buyer Username: sirguzz
[2016-12-31 10:52 America/Caracas] Buyer Username: sirguzz
[2016-12-31 10:52 America/Caracas] Buyer Username: sirguzz
[2016-12-31 11:54 America/Caracas] Buyer Username: djsmile
[2016-12-31 12:02 America/Caracas] Buyer Username: mafia
[2016-12-31 12:04 America/Caracas] Buyer Username: sirguzzz
[2016-12-31 12:15 America/Caracas] Buyer Username: Yorwin77
[2016-12-31 12:16 America/Caracas] Buyer Username: sirguzzz
[2016-12-31 12:20 America/Caracas] Buyer Username: alfre11
[2016-12-31 12:21 America/Caracas] Buyer Username: alfre11
[2016-12-31 12:21 America/Caracas] Buyer Username: alfre11
[2016-12-31 12:22 America/Caracas] Buyer Username: ajbn10
[2016-12-31 12:22 America/Caracas] Buyer Username: ajbn10
[2016-12-31 12:23 America/Caracas] Buyer Username: ajbn10
[2016-12-31 12:35 America/Caracas] Buyer Username: yhonaiker
[2016-12-31 15:41 America/Caracas] Buyer Username: pedro92
[2016-12-31 15:45 America/Caracas] Buyer Username: Yorwin77
[2016-12-31 15:46 America/Caracas] Buyer Username: maria92
[2016-12-31 15:48 America/Caracas] Buyer Username: luis92
[2016-12-31 15:51 America/Caracas] Buyer Username: anna
[2016-12-31 15:53 America/Caracas] Buyer Username: jose92
[2016-12-31 15:59 America/Caracas] Buyer Username: djsmile04
[2016-12-31 15:59 America/Caracas] Buyer Username: djsmile04
[2016-12-31 16:00 America/Caracas] Buyer Username: djsmile04
[2016-12-31 16:02 America/Caracas] Buyer Username: djsmile04
[2016-12-31 16:28 America/Caracas] Buyer Username: josfran8
[2016-12-31 16:28 America/Caracas] Buyer Username: xKariuz
[2016-12-31 16:31 America/Caracas] Buyer Username: juan92
[2016-12-31 16:32 America/Caracas] Buyer Username: josfran8
[2016-12-31 16:33 America/Caracas] Buyer Username: Kariuz
[2016-12-31 16:34 America/Caracas] Buyer Username: josfran89
[2016-12-31 16:34 America/Caracas] Buyer Username: Kariuz
[2016-12-31 16:35 America/Caracas] Buyer Username: Karius
[2016-12-31 16:39 America/Caracas] Buyer Username: Karius
[2016-12-31 16:41 America/Caracas] Buyer Username: 16880793cs
[2016-12-31 16:42 America/Caracas] Buyer Username: 16880793cs
[2016-12-31 16:53 America/Caracas] Buyer Username: 16880793cs
[2016-12-31 16:54 America/Caracas] Buyer Username: 16880793cs
[2016-12-31 16:56 America/Caracas] Buyer Username: 16880793cs
[2016-12-31 17:00 America/Caracas] Buyer Username: 16880793cs
[2016-12-31 17:00 America/Caracas] Buyer Username: 16880793cs
[2016-12-31 17:00 America/Caracas] Buyer Username: 16880793cs
[2016-12-31 17:01 America/Caracas] Buyer Username: 16880793cs
[2016-12-31 17:04 America/Caracas] Buyer Username: 16880793cs
[2016-12-31 17:05 America/Caracas] Buyer Username: 16880793cs
[2016-12-31 17:05 America/Caracas] Buyer Username: 16880793cs
[2016-12-31 17:12 America/Caracas] Buyer Username: uri1124
[2016-12-31 17:36 America/Caracas] Buyer Username: Reyzor
[2016-12-31 18:03 America/Caracas] Buyer Username: dchinesse
[2016-12-31 18:03 America/Caracas] Buyer Username: dchinesse
[2016-12-31 18:07 America/Caracas] Buyer Username: dchinesse
[2016-12-31 18:08 America/Caracas] Buyer Username: dchinesse
[2016-12-31 18:09 America/Caracas] Buyer Username: alfre11
[2016-12-31 18:09 America/Caracas] Buyer Username: alfre11
[2016-12-31 18:13 America/Caracas] Buyer Username: dchinesse1
[2016-12-31 18:17 America/Caracas] Buyer Username: dchinesse2
[2016-12-31 18:19 America/Caracas] Buyer Username: dchinesse3
[2016-12-31 18:34 America/Caracas] Buyer Username: Yord12
[2016-12-31 18:35 America/Caracas] Buyer Username: Yord12
[2016-12-31 18:35 America/Caracas] Buyer Username: Yord12
[2016-12-31 18:36 America/Caracas] Buyer Username: Yord12
[2016-12-31 18:36 America/Caracas] Buyer Username: Yord12
[2016-12-31 18:37 America/Caracas] Buyer Username: Yord12
[2016-12-31 18:37 America/Caracas] Buyer Username: Yord12
[2016-12-31 18:41 America/Caracas] Buyer Username: djsmile02
[2016-12-31 18:42 America/Caracas] Buyer Username: dchinesse6
[2016-12-31 18:55 America/Caracas] Buyer Username: dchinesse8
[2016-12-31 19:41 America/Caracas] Buyer Username: Reyzor
[2016-12-31 19:44 America/Caracas] Buyer Username: Reyzor
[2016-12-31 19:46 America/Caracas] Buyer Username: Reyzor
[2016-12-31 19:47 America/Caracas] Buyer Username: Reyzor
[2016-12-31 19:47 America/Caracas] Buyer Username: Reyzor
[2016-12-31 19:48 America/Caracas] Buyer Username: Reyzor
[2016-12-31 19:48 America/Caracas] Buyer Username: Reyzor
[2016-12-31 20:50 America/Caracas] Buyer Username: yhonaiker
[2016-12-31 20:50 America/Caracas] Buyer Username: yhonaiker
[2016-12-31 20:51 America/Caracas] Buyer Username: yhonaiker
[2016-12-31 20:52 America/Caracas] Buyer Username: yhonaiker
[2016-12-31 20:52 America/Caracas] Buyer Username: yhonaiker
[2016-12-31 20:53 America/Caracas] Buyer Username: yhonaiker
[2016-12-31 21:30 America/Caracas] Buyer Username: nestinho10
[2016-12-31 21:30 America/Caracas] Buyer Username: nestinho10
[2016-12-31 21:31 America/Caracas] Buyer Username: nestinho10
[2016-12-31 21:32 America/Caracas] Buyer Username: nestinho10
[2016-12-31 23:21 America/Caracas] Buyer Username: Yorwin77
[2016-12-31 23:22 America/Caracas] Buyer Username: Yorwin77
[2016-12-31 23:23 America/Caracas] Buyer Username: yord12
[2017-01-01 01:25 America/Caracas] Buyer Username: 1chegua1
[2017-01-01 01:27 America/Caracas] Buyer Username: 1chegua1
[2017-01-01 01:28 America/Caracas] Buyer Username: 1chegua1
[2017-01-01 01:42 America/Caracas] Buyer Username: VanSwetch
[2017-01-01 01:42 America/Caracas] Buyer Username: VanSwetch
[2017-01-01 01:42 America/Caracas] Buyer Username: VanSwetch
[2017-01-01 01:47 America/Caracas] Buyer Username: VanSwetch
[2017-01-01 01:48 America/Caracas] Buyer Username: VanSwetch
[2017-01-01 01:49 America/Caracas] Buyer Username: VanSwetch
[2017-01-01 01:54 America/Caracas] Buyer Username: VanSwetch
[2017-01-01 01:55 America/Caracas] Buyer Username: VanSwetch
[2017-01-01 01:56 America/Caracas] Buyer Username: VanSwetch
[2017-01-01 05:28 America/Caracas] Buyer Username: xinterxx
[2017-01-01 08:43 America/Caracas] Buyer Username: hieu21
[2017-01-01 08:43 America/Caracas] Buyer Username: hieu21
[2017-01-01 08:44 America/Caracas] Buyer Username: hieu21
[2017-01-01 08:56 America/Caracas] Buyer Username: kentamin1
[2017-01-01 08:58 America/Caracas] Buyer Username: kentamin1
[2017-01-01 09:03 America/Caracas] Buyer Username: kentamin
[2017-01-01 13:38 America/Caracas] Buyer Username: BusterFx
[2017-01-01 13:38 America/Caracas] Buyer Username: BusterFx
[2017-01-01 13:39 America/Caracas] Buyer Username: BusterFx
[2017-01-01 13:40 America/Caracas] Buyer Username: BusterFx
[2017-01-01 13:40 America/Caracas] Buyer Username: BusterFx
[2017-01-01 22:10 America/Caracas] Buyer Username: natynaty
[2017-01-01 22:34 America/Caracas] Buyer Username: Reyzor
[2017-01-01 22:42 America/Caracas] Buyer Username: Reyzor
[2017-01-01 22:42 America/Caracas] Buyer Username: Reyzor
[2017-01-01 22:43 America/Caracas] Buyer Username: junior
[2017-01-01 22:49 America/Caracas] Buyer Username: junior
[2017-01-01 22:50 America/Caracas] Buyer Username: junior
[2017-01-01 22:58 America/Caracas] Buyer Username: meenduco21
[2017-01-01 23:11 America/Caracas] Buyer Username: alejandro
[2017-01-01 23:35 America/Caracas] Buyer Username: alejandro
[2017-01-01 23:57 America/Caracas] Buyer Username: meenduco21
[2017-01-01 23:58 America/Caracas] Buyer Username: meenduco21
[2017-01-02 00:00 America/Caracas] Buyer Username: meenduco21
[2017-01-02 09:32 America/Caracas] Buyer Username: sebaussius
[2017-01-02 11:58 America/Caracas] Buyer Username: alex
[2017-01-02 12:05 America/Caracas] Buyer Username: romero
[2017-01-02 12:10 America/Caracas] Buyer Username: romero
[2017-01-02 12:15 America/Caracas] Buyer Username: jose
[2017-01-02 12:16 America/Caracas] Buyer Username: jose
[2017-01-02 12:16 America/Caracas] Buyer Username: jose
[2017-01-02 12:26 America/Caracas] Buyer Username: jose
[2017-01-02 12:32 America/Caracas] Buyer Username: paloma
[2017-01-02 19:02 America/Caracas] Buyer Username: Reyzor
[2017-01-02 19:03 America/Caracas] Buyer Username: Reyzor
[2017-01-02 19:03 America/Caracas] Buyer Username: Reyzor
[2017-01-02 19:04 America/Caracas] Buyer Username: Reyzor
[2017-01-02 19:05 America/Caracas] Buyer Username: Reyzor
[2017-01-02 19:06 America/Caracas] Buyer Username: Reyzor
[2017-01-03 16:04 America/Caracas] Buyer Username: xKariuz
[2017-01-03 16:07 America/Caracas] Buyer Username: xKariuz
[2017-01-03 16:10 America/Caracas] Buyer Username: Karius
[2017-01-03 16:11 America/Caracas] Buyer Username: Karius
[2017-01-03 16:22 America/Caracas] Buyer Username: 16880793cs
[2017-01-03 16:28 America/Caracas] Buyer Username: Vanessa
[2017-01-03 16:30 America/Caracas] Buyer Username: 16022090lv
[2017-01-03 16:31 America/Caracas] Buyer Username: 16022090lv
[2017-01-03 16:40 America/Caracas] Buyer Username: edgardosk8
[2017-01-03 21:30 America/Caracas] Buyer Username: jala
[2017-01-04 13:34 America/Caracas] Buyer Username: Nulevi
[2017-01-04 13:35 America/Caracas] Buyer Username: Nulevi
[2017-01-04 13:36 America/Caracas] Buyer Username: Nulevi
[2017-01-04 13:36 America/Caracas] Buyer Username: Nulevi
[2017-01-04 15:32 America/Caracas] Buyer Username: yhonaiker
[2017-01-04 15:32 America/Caracas] Buyer Username: yhonaiker
[2017-01-04 16:38 America/Caracas] Buyer Username: Nulevi
[2017-01-04 18:15 America/Caracas] Buyer Username: uri1123
[2017-01-05 00:49 America/Caracas] Buyer Username: neosdeath
[2017-01-05 00:50 America/Caracas] Buyer Username: neosdeath
[2017-01-05 00:50 America/Caracas] Buyer Username: neosdeath
[2017-01-05 00:51 America/Caracas] Buyer Username: neosdeath
[2017-01-05 00:52 America/Caracas] Buyer Username: neosdeath
[2017-01-05 01:13 America/Caracas] Buyer Username: neosdeath
[2017-01-05 01:14 America/Caracas] Buyer Username: neosdeath
[2017-01-05 01:15 America/Caracas] Buyer Username: neosdeath
[2017-01-05 01:16 America/Caracas] Buyer Username: neosdeath
[2017-01-05 01:16 America/Caracas] Buyer Username: neosdeath
[2017-01-05 09:31 America/Caracas] Buyer Username: dchinesse2
[2017-01-05 09:31 America/Caracas] Buyer Username: dchinesse2
[2017-01-05 09:32 America/Caracas] Buyer Username: dchinesse2
[2017-01-05 09:32 America/Caracas] Buyer Username: dchinesse2
[2017-01-05 09:33 America/Caracas] Buyer Username: dchinesse2
[2017-01-05 09:34 America/Caracas] Buyer Username: dchinesse3
[2017-01-05 09:43 America/Caracas] Buyer Username: dchinesse5
[2017-01-05 11:45 America/Caracas] Buyer Username: tato
[2017-01-05 20:43 America/Caracas] Buyer Username: zikiha
[2017-01-05 22:17 America/Caracas] Buyer Username: carlos
[2017-01-06 07:48 America/Caracas] Buyer Username: 16022090lv
[2017-01-06 07:50 America/Caracas] Buyer Username: 16022090lv
[2017-01-08 04:00 America/Caracas] Buyer Username: alejandro
[2017-01-08 04:20 America/Caracas] Buyer Username: papelera10
[2017-01-08 21:05 America/Caracas] Buyer Username: AnielMan
[2017-01-08 21:05 America/Caracas] Buyer Username: AnielMan
[2017-01-08 21:09 America/Caracas] Buyer Username: AnielMan
[2017-01-08 21:10 America/Caracas] Buyer Username: AnielMan
[2017-01-08 21:15 America/Caracas] Buyer Username: AnielMan
[2017-01-08 21:16 America/Caracas] Buyer Username: AnielMan
[2017-01-08 21:24 America/Caracas] Buyer Username: AnielMan
[2017-01-08 21:27 America/Caracas] Buyer Username: AnielMan
[2017-01-08 21:30 America/Caracas] Buyer Username: AnielMan
[2017-01-08 21:30 America/Caracas] Buyer Username: AnielMan
[2017-01-08 21:31 America/Caracas] Buyer Username: AnielMan
[2017-01-08 21:32 America/Caracas] Buyer Username: AnielMan
[2017-01-09 08:35 America/Caracas] Buyer Username: ronal123
[2017-01-09 08:36 America/Caracas] Buyer Username: ronal123
[2017-01-09 21:26 America/Caracas] Buyer Username: Njuvid12
[2017-01-09 21:28 America/Caracas] Buyer Username: Njuvid12
[2017-01-11 16:04 UTC] Buyer Username: ronal123
[2017-01-11 16:37 UTC] Buyer Username: AnielMan
[2017-01-11 17:44 America/Caracas] Buyer Username: Reyzor
[2017-01-11 17:44 America/Caracas] Buyer Username: Reyzor
[2017-01-11 21:06 America/Caracas] Buyer Username: vnzlpro
[2017-01-11 22:30 America/Caracas] Buyer Username: vnzlpro
[2017-01-11 23:41 America/Caracas] Buyer Username: marcosme
[2017-01-12 00:47 America/Caracas] Buyer Username: vnzlpro
[2017-01-12 00:49 America/Caracas] Buyer Username: vnzlpro
[2017-01-12 01:02 America/Caracas] Buyer Username: neosdeath0
[2017-01-12 13:41 America/Caracas] Buyer Username: marco123
[2017-01-13 02:47 America/Caracas] Buyer Username: Panda
[2017-01-13 03:23 America/Caracas] Buyer Username: Panda
[2017-01-13 16:12 America/Caracas] Buyer Username: yhon25
[2017-01-13 16:16 America/Caracas] Buyer Username: yhon25
[2017-01-13 16:32 America/Caracas] Buyer Username: yhon25
[2017-01-13 16:35 America/Caracas] Buyer Username: yhon25
[2017-01-13 16:35 America/Caracas] Buyer Username: yhon25
[2017-01-13 16:37 America/Caracas] Buyer Username: yhon25
[2017-01-13 16:42 America/Caracas] Buyer Username: yhon25
[2017-01-13 17:07 America/Caracas] Buyer Username: yhon25
[2017-01-13 17:09 America/Caracas] Buyer Username: yhon25
[2017-01-13 17:09 America/Caracas] Buyer Username: yhon25
[2017-01-13 17:13 America/Caracas] Buyer Username: yhon25
[2017-01-13 17:14 America/Caracas] Buyer Username: yhon25
[2017-01-13 17:15 America/Caracas] Buyer Username: yhon25
[2017-01-13 17:36 America/Caracas] Buyer Username: yhon25
[2017-01-13 17:37 America/Caracas] Buyer Username: yhon25
[2017-01-13 17:39 America/Caracas] Buyer Username: yhon25
[2017-01-13 17:41 America/Caracas] Buyer Username: yhon25
[2017-01-13 17:41 America/Caracas] Buyer Username: yhon25
[2017-01-13 17:41 America/Caracas] Buyer Username: yhon25
[2017-01-13 17:42 America/Caracas] Buyer Username: yhon25
[2017-01-13 17:42 America/Caracas] Buyer Username: yhon25
[2017-01-13 17:43 America/Caracas] Buyer Username: yhon25
[2017-01-13 18:47 America/Caracas] Buyer Username: vnzlpro
[2017-01-13 18:47 America/Caracas] Buyer Username: vnzlpro
[2017-01-13 18:49 America/Caracas] Buyer Username: vnzlpro
[2017-01-13 18:55 America/Caracas] Buyer Username: vnzlpro
[2017-01-13 18:56 America/Caracas] Buyer Username: vnzlpro
[2017-01-13 18:56 America/Caracas] Buyer Username: vnzlpro
[2017-01-13 19:01 America/Caracas] Buyer Username: yhon25
[2017-01-13 20:03 America/Caracas] Buyer Username: yhon25
[2017-01-13 20:04 America/Caracas] Buyer Username: yhon25
[2017-01-13 20:05 America/Caracas] Buyer Username: yhon25
[2017-01-13 20:06 America/Caracas] Buyer Username: yhon25
[2017-01-13 20:06 America/Caracas] Buyer Username: yhon25
[2017-01-13 20:07 America/Caracas] Buyer Username: yhon25
[2017-01-13 20:18 America/Caracas] Buyer Username: yhon25
[2017-01-13 20:18 America/Caracas] Buyer Username: yhon25
[2017-01-13 20:19 America/Caracas] Buyer Username: yhon25
[2017-01-13 20:19 America/Caracas] Buyer Username: yhon25
[2017-01-13 20:20 America/Caracas] Buyer Username: yhon25
[2017-01-13 20:26 America/Caracas] Buyer Username: yhon25
[2017-01-13 20:52 America/Caracas] Buyer Username: yhon25
[2017-01-13 21:07 America/Caracas] Buyer Username: yhon25
[2017-01-13 21:08 America/Caracas] Buyer Username: yhon25
[2017-01-14 00:45 America/Caracas] Buyer Username: yhon25
[2017-01-14 00:50 America/Caracas] Buyer Username: yhon25
[2017-01-14 09:12 America/Caracas] Buyer Username: marceline
[2017-01-14 09:13 America/Caracas] Buyer Username: marceline
[2017-01-14 09:16 America/Caracas] Buyer Username: marceline
[2017-01-14 23:31 America/Caracas] Buyer Username: yhon25
[2017-01-14 23:31 America/Caracas] Buyer Username: yhon25
[2017-01-14 23:50 America/Caracas] Buyer Username: marcosme
[2017-01-23 15:03 America/Caracas] Buyer Username: Yord12
[2017-01-23 15:57 America/Caracas] Buyer Username: haderledth
[2017-01-23 16:02 America/Caracas] Buyer Username: Milo22
[2017-01-23 16:04 America/Caracas] Buyer Username: haderledth
[2017-01-24 16:22 America/Caracas] Buyer Username: papelera10
[2017-01-24 16:23 America/Caracas] Buyer Username: papelera10
[2017-01-24 17:08 America/Caracas] Buyer Username: moongui
[2017-01-24 17:08 America/Caracas] Buyer Username: moongui
[2017-01-24 18:10 America/Caracas] Buyer Username: lonetower2
[2017-01-24 18:22 America/Caracas] Buyer Username: maeecj
[2017-01-24 21:23 America/Caracas] Buyer Username: yhon25
[2017-01-24 22:42 America/Caracas] Buyer Username: maeecj
[2017-01-24 22:42 America/Caracas] Buyer Username: maeecj
[2017-01-24 22:57 America/Caracas] Buyer Username: dragon23
[2017-01-24 23:19 America/Caracas] Buyer Username: 1chegua1
[2017-01-24 23:32 America/Caracas] Buyer Username: aguck
[2017-01-24 23:53 America/Caracas] Buyer Username: zakumi
[2017-01-24 23:58 America/Caracas] Buyer Username: ardas
[2017-01-24 23:59 America/Caracas] Buyer Username: ardas
[2017-01-25 00:00 America/Caracas] Buyer Username: leidy
[2017-01-25 00:01 America/Caracas] Buyer Username: leidy
[2017-01-25 00:02 America/Caracas] Buyer Username: leidy
[2017-01-25 08:36 America/Caracas] Buyer Username: churico321
[2017-01-25 21:03 UTC] Buyer Username: marcosme
[2017-01-25 21:03 UTC] Buyer Username: marcosme
[2017-01-25 21:30 UTC] Buyer Username: moongui
[2017-01-25 23:12 UTC] Buyer Username: lonetower2
[2017-01-25 23:46 UTC] Buyer Username: maeecj
[2017-01-25 23:50 UTC] Buyer Username: maeecj
[2017-01-26 01:25 UTC] Buyer Username: marceline
[2017-01-26 09:53 UTC] Buyer Username: MonikCisne
